[ 2017-08-30T17:36:30+08:00 ] 127.0.0.1 /index.php/Home/Index/index.html
INFO: [ app_init ] --START--
INFO: Run Behavior\BuildLiteBehavior [ RunTime:0.000000s ]
INFO: [ app_init ] --END-- [ RunTime:0.003000s ]
INFO: [ app_begin ] --START--
INFO: Run Behavior\ReadHtmlCacheBehavior [ RunTime:0.003000s ]
INFO: [ app_begin ] --END-- [ RunTime:0.003000s ]
SQL: SHOW COLUMNS FROM `ht_contact` [ RunTime:0.0760s ]
SQL: SHOW COLUMNS FROM `ht_contact` [ RunTime:0.0260s ]
SQL: SELECT * FROM `ht_contact` LIMIT 1   [ RunTime:0.0030s ]
SQL: SHOW COLUMNS FROM `ht_category` [ RunTime:0.0430s ]
SQL: SELECT * FROM `ht_category` WHERE ( pid=0 )  [ RunTime:0.0020s ]
SQL: SELECT * FROM `ht_category` WHERE `pid` = 1 ORDER BY list_order ASC  [ RunTime:0.0020s ]
SQL: SELECT * FROM `ht_category` WHERE `pid` = 2 ORDER BY list_order ASC  [ RunTime:0.0020s ]
SQL: SELECT * FROM `ht_category` WHERE `pid` = 3 ORDER BY list_order ASC  [ RunTime:0.0010s ]
SQL: SELECT * FROM `ht_category` WHERE `pid` = 4 ORDER BY list_order ASC  [ RunTime:0.0020s ]
SQL: SHOW COLUMNS FROM `ht_contact` [ RunTime:0.0250s ]
SQL: SHOW COLUMNS FROM `ht_banner` [ RunTime:0.0530s ]
SQL: SELECT * FROM `ht_banner`  [ RunTime:0.0020s ]
SQL: SELECT * FROM `ht_category` WHERE `id` IN ('1','3','4')  [ RunTime:0.0530s ]
SQL: SHOW COLUMNS FROM `ht_article` [ RunTime:0.0450s ]
SQL: SELECT * FROM `ht_article` WHERE ( cat_id=1 ) LIMIT 1   [ RunTime:0.0560s ]
SQL: SELECT * FROM `ht_category` WHERE ( pid=1 )  [ RunTime:0.0020s ]
SQL: SELECT * FROM `ht_article` WHERE ( cat_id IN (17) ) ORDER BY list_order ASC,public_date DESC LIMIT 4   [ RunTime:0.0040s ]
SQL: SELECT * FROM `ht_article` WHERE ( cat_id=3 ) LIMIT 1   [ RunTime:0.0020s ]
SQL: SELECT * FROM `ht_category` WHERE ( pid=3 )  [ RunTime:0.0010s ]
SQL: SELECT * FROM `ht_article` WHERE ( cat_id IN (9,10,11,12) ) ORDER BY list_order ASC,public_date DESC LIMIT 4   [ RunTime:0.0030s ]
SQL: SELECT * FROM `ht_article` WHERE ( cat_id=4 ) LIMIT 1   [ RunTime:0.0020s ]
SQL: SELECT * FROM `ht_category` WHERE ( pid=4 )  [ RunTime:0.0020s ]
SQL: SELECT * FROM `ht_article` WHERE ( cat_id IN (13,14,16) ) ORDER BY list_order ASC,public_date DESC LIMIT 4   [ RunTime:0.0340s ]
INFO: [ view_parse ] --START--
INFO: [ template_filter ] --START--
INFO: Run Behavior\ContentReplaceBehavior [ RunTime:0.000000s ]
INFO: [ template_filter ] --END-- [ RunTime:0.001000s ]
INFO: Run Behavior\ParseTemplateBehavior [ RunTime:0.257015s ]
INFO: [ view_parse ] --END-- [ RunTime:0.258015s ]
INFO: [ view_filter ] --START--
INFO: Run Behavior\WriteHtmlCacheBehavior [ RunTime:0.018001s ]
INFO: [ view_filter ] --END-- [ RunTime:0.018001s ]
INFO: [ app_end ] --START--
INFO: Run Behavior\ShowPageTraceBehavior [ RunTime:0.029001s ]
INFO: [ app_end ] --END-- [ RunTime:0.030001s ]

