[ 2018-01-25T08:43:29+08:00 ] ::1 /hanteng/
INFO: [ app_init ] --START--
INFO: Run Behavior\BuildLiteBehavior [ RunTime:0.000023s ]
INFO: [ app_init ] --END-- [ RunTime:0.000821s ]
INFO: [ app_begin ] --START--
INFO: Run Behavior\ReadHtmlCacheBehavior [ RunTime:0.001479s ]
INFO: [ app_begin ] --END-- [ RunTime:0.001609s ]
ERR: SQLSTATE[HY000] [1045] Access denied for user 'root'@'localhost' (using password: YES)

[ 2018-01-25T08:44:26+08:00 ] ::1 /hanteng/
INFO: [ app_init ] --START--
INFO: Run Behavior\BuildLiteBehavior [ RunTime:0.000008s ]
INFO: [ app_init ] --END-- [ RunTime:0.000292s ]
INFO: [ app_begin ] --START--
INFO: Run Behavior\ReadHtmlCacheBehavior [ RunTime:0.000491s ]
INFO: [ app_begin ] --END-- [ RunTime:0.000533s ]
SQL: SHOW COLUMNS FROM `ht_contact` [ RunTime:0.0010s ]
SQL: SHOW COLUMNS FROM `ht_contact` [ RunTime:0.0005s ]
SQL: SELECT * FROM `ht_contact` LIMIT 1   [ RunTime:0.0187s ]
SQL: SHOW COLUMNS FROM `ht_category` [ RunTime:0.0009s ]
SQL: SELECT * FROM `ht_category` WHERE ( pid=0 )  [ RunTime:0.0110s ]
SQL: SELECT * FROM `ht_category` WHERE `pid` = 1 ORDER BY list_order ASC  [ RunTime:0.0003s ]
SQL: SELECT * FROM `ht_category` WHERE `pid` = 2 ORDER BY list_order ASC  [ RunTime:0.0010s ]
SQL: SELECT * FROM `ht_category` WHERE `pid` = 3 ORDER BY list_order ASC  [ RunTime:0.0002s ]
SQL: SELECT * FROM `ht_category` WHERE `pid` = 4 ORDER BY list_order ASC  [ RunTime:0.0003s ]
SQL: SHOW COLUMNS FROM `ht_contact` [ RunTime:0.0006s ]
SQL: SHOW COLUMNS FROM `ht_banner` [ RunTime:0.0006s ]
SQL: SELECT * FROM `ht_banner`  [ RunTime:0.0003s ]
SQL: SELECT * FROM `ht_category` WHERE `id` IN ('1','3','4')  [ RunTime:0.0399s ]
SQL: SHOW COLUMNS FROM `ht_article` [ RunTime:0.0016s ]
SQL: SELECT * FROM `ht_article` WHERE ( cat_id=1 ) LIMIT 1   [ RunTime:0.0011s ]
SQL: SELECT * FROM `ht_category` WHERE ( pid=1 )  [ RunTime:0.0008s ]
SQL: SELECT * FROM `ht_article` WHERE ( cat_id IN (17) ) ORDER BY list_order ASC,public_date DESC LIMIT 4   [ RunTime:0.0051s ]
SQL: SELECT * FROM `ht_article` WHERE ( cat_id=3 ) LIMIT 1   [ RunTime:0.0007s ]
SQL: SELECT * FROM `ht_category` WHERE ( pid=3 )  [ RunTime:0.0005s ]
SQL: SELECT * FROM `ht_article` WHERE ( cat_id IN (9,10,11,12) ) ORDER BY list_order ASC,public_date DESC LIMIT 4   [ RunTime:0.0009s ]
SQL: SELECT * FROM `ht_article` WHERE ( cat_id=4 ) LIMIT 1   [ RunTime:0.0007s ]
SQL: SELECT * FROM `ht_category` WHERE ( pid=4 )  [ RunTime:0.0005s ]
SQL: SELECT * FROM `ht_article` WHERE ( cat_id IN (13,14,16) ) ORDER BY list_order ASC,public_date DESC LIMIT 4   [ RunTime:0.0021s ]
INFO: [ view_parse ] --START--
INFO: [ template_filter ] --START--
INFO: Run Behavior\ContentReplaceBehavior [ RunTime:0.000322s ]
INFO: [ template_filter ] --END-- [ RunTime:0.000386s ]
INFO: Run Behavior\ParseTemplateBehavior [ RunTime:0.082390s ]
INFO: [ view_parse ] --END-- [ RunTime:0.082540s ]
INFO: [ view_filter ] --START--
INFO: Run Behavior\WriteHtmlCacheBehavior [ RunTime:0.001400s ]
INFO: [ view_filter ] --END-- [ RunTime:0.001477s ]
INFO: [ app_end ] --START--
INFO: Run Behavior\ShowPageTraceBehavior [ RunTime:0.002634s ]
INFO: [ app_end ] --END-- [ RunTime:0.002730s ]

[ 2018-01-25T08:44:38+08:00 ] ::1 /hanteng/index.php/Home/Article/article_list/id/2.html
INFO: [ app_init ] --START--
INFO: Run Behavior\BuildLiteBehavior [ RunTime:0.000009s ]
INFO: [ app_init ] --END-- [ RunTime:0.000339s ]
INFO: [ app_begin ] --START--
INFO: Run Behavior\ReadHtmlCacheBehavior [ RunTime:0.000457s ]
INFO: [ app_begin ] --END-- [ RunTime:0.000495s ]
SQL: SHOW COLUMNS FROM `ht_contact` [ RunTime:0.0011s ]
SQL: SHOW COLUMNS FROM `ht_contact` [ RunTime:0.0007s ]
SQL: SELECT * FROM `ht_contact` LIMIT 1   [ RunTime:0.0003s ]
SQL: SHOW COLUMNS FROM `ht_category` [ RunTime:0.0010s ]
SQL: SELECT * FROM `ht_category` WHERE ( pid=0 )  [ RunTime:0.0003s ]
SQL: SELECT * FROM `ht_category` WHERE `pid` = 1 ORDER BY list_order ASC  [ RunTime:0.0003s ]
SQL: SELECT * FROM `ht_category` WHERE `pid` = 2 ORDER BY list_order ASC  [ RunTime:0.0003s ]
SQL: SELECT * FROM `ht_category` WHERE `pid` = 3 ORDER BY list_order ASC  [ RunTime:0.0004s ]
SQL: SELECT * FROM `ht_category` WHERE `pid` = 4 ORDER BY list_order ASC  [ RunTime:0.0003s ]
NOTIC: [8] Undefined index: pt E:\wamp64\www\hanteng\Application\Home\Controller\ArticleController.class.php 第 12 行.
SQL: SHOW COLUMNS FROM `ht_article` [ RunTime:0.0009s ]
SQL: SELECT * FROM `ht_category` WHERE ( pid=2 ) ORDER BY list_order ASC  [ RunTime:0.0004s ]
SQL: SELECT * FROM `ht_category` WHERE ( id=2 ) LIMIT 1   [ RunTime:0.0003s ]
NOTIC: [8] Undefined index: pt E:\wamp64\www\hanteng\Application\Home\Controller\ArticleController.class.php 第 23 行.
SQL: SHOW COLUMNS FROM `ht_article` [ RunTime:0.0009s ]
SQL: SELECT COUNT(*) AS tp_count FROM `ht_article` WHERE `cat_id` = 5 LIMIT 1   [ RunTime:0.0005s ]
SQL: SELECT * FROM `ht_article` WHERE `cat_id` = 5 ORDER BY list_order ASC,public_date DESC LIMIT 0,10   [ RunTime:0.0005s ]
INFO: [ view_parse ] --START--
INFO: [ template_filter ] --START--
INFO: Run Behavior\ContentReplaceBehavior [ RunTime:0.000046s ]
INFO: [ template_filter ] --END-- [ RunTime:0.000072s ]
NOTIC: [8] Undefined variable: action E:\wamp64\www\hanteng\Application\Runtime\Cache\Home\5c6791bec05817edbf82bad20a13aa77.php 第 44 行.
NOTIC: [8] Undefined variable: action E:\wamp64\www\hanteng\Application\Runtime\Cache\Home\5c6791bec05817edbf82bad20a13aa77.php 第 46 行.
NOTIC: [8] Undefined variable: action E:\wamp64\www\hanteng\Application\Runtime\Cache\Home\5c6791bec05817edbf82bad20a13aa77.php 第 47 行.
NOTIC: [8] Use of undefined constant id - assumed 'id' E:\wamp64\www\hanteng\Application\Runtime\Cache\Home\5c6791bec05817edbf82bad20a13aa77.php 第 64 行.
NOTIC: [8] Use of undefined constant id - assumed 'id' E:\wamp64\www\hanteng\Application\Runtime\Cache\Home\5c6791bec05817edbf82bad20a13aa77.php 第 64 行.
NOTIC: [8] Use of undefined constant id - assumed 'id' E:\wamp64\www\hanteng\Application\Runtime\Cache\Home\5c6791bec05817edbf82bad20a13aa77.php 第 64 行.
NOTIC: [8] Use of undefined constant id - assumed 'id' E:\wamp64\www\hanteng\Application\Runtime\Cache\Home\5c6791bec05817edbf82bad20a13aa77.php 第 64 行.
INFO: Run Behavior\ParseTemplateBehavior [ RunTime:0.012329s ]
INFO: [ view_parse ] --END-- [ RunTime:0.012354s ]
INFO: [ view_filter ] --START--
INFO: Run Behavior\WriteHtmlCacheBehavior [ RunTime:0.000288s ]
INFO: [ view_filter ] --END-- [ RunTime:0.000306s ]
INFO: [ app_end ] --START--
INFO: Run Behavior\ShowPageTraceBehavior [ RunTime:0.000496s ]
INFO: [ app_end ] --END-- [ RunTime:0.000515s ]

[ 2018-01-25T08:44:39+08:00 ] ::1 /hanteng/index.php/Home/Article/article_list/id/3.html
INFO: [ app_init ] --START--
INFO: Run Behavior\BuildLiteBehavior [ RunTime:0.000014s ]
INFO: [ app_init ] --END-- [ RunTime:0.000313s ]
INFO: [ app_begin ] --START--
INFO: Run Behavior\ReadHtmlCacheBehavior [ RunTime:0.001215s ]
INFO: [ app_begin ] --END-- [ RunTime:0.001275s ]
SQL: SHOW COLUMNS FROM `ht_contact` [ RunTime:0.0010s ]
SQL: SHOW COLUMNS FROM `ht_contact` [ RunTime:0.0010s ]
SQL: SELECT * FROM `ht_contact` LIMIT 1   [ RunTime:0.0004s ]
SQL: SHOW COLUMNS FROM `ht_category` [ RunTime:0.0007s ]
SQL: SELECT * FROM `ht_category` WHERE ( pid=0 )  [ RunTime:0.0003s ]
SQL: SELECT * FROM `ht_category` WHERE `pid` = 1 ORDER BY list_order ASC  [ RunTime:0.0003s ]
SQL: SELECT * FROM `ht_category` WHERE `pid` = 2 ORDER BY list_order ASC  [ RunTime:0.0003s ]
SQL: SELECT * FROM `ht_category` WHERE `pid` = 3 ORDER BY list_order ASC  [ RunTime:0.0003s ]
SQL: SELECT * FROM `ht_category` WHERE `pid` = 4 ORDER BY list_order ASC  [ RunTime:0.0003s ]
NOTIC: [8] Undefined index: pt E:\wamp64\www\hanteng\Application\Home\Controller\ArticleController.class.php 第 12 行.
SQL: SHOW COLUMNS FROM `ht_article` [ RunTime:0.0008s ]
SQL: SELECT * FROM `ht_category` WHERE ( pid=3 ) ORDER BY list_order ASC  [ RunTime:0.0004s ]
SQL: SELECT * FROM `ht_category` WHERE ( id=3 ) LIMIT 1   [ RunTime:0.0003s ]
NOTIC: [8] Undefined index: pt E:\wamp64\www\hanteng\Application\Home\Controller\ArticleController.class.php 第 23 行.
SQL: SHOW COLUMNS FROM `ht_article` [ RunTime:0.0006s ]
SQL: SELECT COUNT(*) AS tp_count FROM `ht_article` WHERE `cat_id` = 9 LIMIT 1   [ RunTime:0.0004s ]
SQL: SELECT * FROM `ht_article` WHERE `cat_id` = 9 ORDER BY list_order ASC,public_date DESC LIMIT 0,10   [ RunTime:0.0005s ]
INFO: [ view_parse ] --START--
INFO: [ template_filter ] --START--
INFO: Run Behavior\ContentReplaceBehavior [ RunTime:0.000050s ]
INFO: [ template_filter ] --END-- [ RunTime:0.000080s ]
NOTIC: [8] Undefined variable: action E:\wamp64\www\hanteng\Application\Runtime\Cache\Home\5c6791bec05817edbf82bad20a13aa77.php 第 44 行.
NOTIC: [8] Undefined variable: action E:\wamp64\www\hanteng\Application\Runtime\Cache\Home\5c6791bec05817edbf82bad20a13aa77.php 第 46 行.
NOTIC: [8] Undefined variable: action E:\wamp64\www\hanteng\Application\Runtime\Cache\Home\5c6791bec05817edbf82bad20a13aa77.php 第 47 行.
NOTIC: [8] Use of undefined constant id - assumed 'id' E:\wamp64\www\hanteng\Application\Runtime\Cache\Home\5c6791bec05817edbf82bad20a13aa77.php 第 64 行.
NOTIC: [8] Use of undefined constant id - assumed 'id' E:\wamp64\www\hanteng\Application\Runtime\Cache\Home\5c6791bec05817edbf82bad20a13aa77.php 第 64 行.
NOTIC: [8] Use of undefined constant id - assumed 'id' E:\wamp64\www\hanteng\Application\Runtime\Cache\Home\5c6791bec05817edbf82bad20a13aa77.php 第 64 行.
NOTIC: [8] Use of undefined constant id - assumed 'id' E:\wamp64\www\hanteng\Application\Runtime\Cache\Home\5c6791bec05817edbf82bad20a13aa77.php 第 64 行.
INFO: Run Behavior\ParseTemplateBehavior [ RunTime:0.008755s ]
INFO: [ view_parse ] --END-- [ RunTime:0.008781s ]
INFO: [ view_filter ] --START--
INFO: Run Behavior\WriteHtmlCacheBehavior [ RunTime:0.000213s ]
INFO: [ view_filter ] --END-- [ RunTime:0.000231s ]
INFO: [ app_end ] --START--
INFO: Run Behavior\ShowPageTraceBehavior [ RunTime:0.000353s ]
INFO: [ app_end ] --END-- [ RunTime:0.000372s ]

[ 2018-01-25T08:44:40+08:00 ] ::1 /hanteng/index.php/Home/Article/article_list/id/4.html
INFO: [ app_init ] --START--
INFO: Run Behavior\BuildLiteBehavior [ RunTime:0.000010s ]
INFO: [ app_init ] --END-- [ RunTime:0.000281s ]
INFO: [ app_begin ] --START--
INFO: Run Behavior\ReadHtmlCacheBehavior [ RunTime:0.000319s ]
INFO: [ app_begin ] --END-- [ RunTime:0.000341s ]
SQL: SHOW COLUMNS FROM `ht_contact` [ RunTime:0.0008s ]
SQL: SHOW COLUMNS FROM `ht_contact` [ RunTime:0.0005s ]
SQL: SELECT * FROM `ht_contact` LIMIT 1   [ RunTime:0.0003s ]
SQL: SHOW COLUMNS FROM `ht_category` [ RunTime:0.0008s ]
SQL: SELECT * FROM `ht_category` WHERE ( pid=0 )  [ RunTime:0.0003s ]
SQL: SELECT * FROM `ht_category` WHERE `pid` = 1 ORDER BY list_order ASC  [ RunTime:0.0003s ]
SQL: SELECT * FROM `ht_category` WHERE `pid` = 2 ORDER BY list_order ASC  [ RunTime:0.0003s ]
SQL: SELECT * FROM `ht_category` WHERE `pid` = 3 ORDER BY list_order ASC  [ RunTime:0.0003s ]
SQL: SELECT * FROM `ht_category` WHERE `pid` = 4 ORDER BY list_order ASC  [ RunTime:0.0002s ]
NOTIC: [8] Undefined index: pt E:\wamp64\www\hanteng\Application\Home\Controller\ArticleController.class.php 第 12 行.
SQL: SHOW COLUMNS FROM `ht_article` [ RunTime:0.0008s ]
SQL: SELECT * FROM `ht_category` WHERE ( pid=4 ) ORDER BY list_order ASC  [ RunTime:0.0003s ]
SQL: SELECT * FROM `ht_category` WHERE ( id=4 ) LIMIT 1   [ RunTime:0.0003s ]
NOTIC: [8] Undefined index: pt E:\wamp64\www\hanteng\Application\Home\Controller\ArticleController.class.php 第 23 行.
SQL: SHOW COLUMNS FROM `ht_article` [ RunTime:0.0005s ]
SQL: SELECT COUNT(*) AS tp_count FROM `ht_article` WHERE `cat_id` = 13 LIMIT 1   [ RunTime:0.0004s ]
SQL: SELECT * FROM `ht_article` WHERE `cat_id` = 13 ORDER BY list_order ASC,public_date DESC LIMIT 0,10   [ RunTime:0.0009s ]
INFO: [ view_parse ] --START--
INFO: [ template_filter ] --START--
INFO: Run Behavior\ContentReplaceBehavior [ RunTime:0.000046s ]
INFO: [ template_filter ] --END-- [ RunTime:0.000071s ]
NOTIC: [8] Undefined variable: action E:\wamp64\www\hanteng\Application\Runtime\Cache\Home\5c6791bec05817edbf82bad20a13aa77.php 第 44 行.
NOTIC: [8] Undefined variable: action E:\wamp64\www\hanteng\Application\Runtime\Cache\Home\5c6791bec05817edbf82bad20a13aa77.php 第 46 行.
NOTIC: [8] Undefined variable: action E:\wamp64\www\hanteng\Application\Runtime\Cache\Home\5c6791bec05817edbf82bad20a13aa77.php 第 47 行.
NOTIC: [8] Use of undefined constant id - assumed 'id' E:\wamp64\www\hanteng\Application\Runtime\Cache\Home\5c6791bec05817edbf82bad20a13aa77.php 第 64 行.
NOTIC: [8] Use of undefined constant id - assumed 'id' E:\wamp64\www\hanteng\Application\Runtime\Cache\Home\5c6791bec05817edbf82bad20a13aa77.php 第 64 行.
NOTIC: [8] Use of undefined constant id - assumed 'id' E:\wamp64\www\hanteng\Application\Runtime\Cache\Home\5c6791bec05817edbf82bad20a13aa77.php 第 64 行.
INFO: Run Behavior\ParseTemplateBehavior [ RunTime:0.009208s ]
INFO: [ view_parse ] --END-- [ RunTime:0.009231s ]
INFO: [ view_filter ] --START--
INFO: Run Behavior\WriteHtmlCacheBehavior [ RunTime:0.000209s ]
INFO: [ view_filter ] --END-- [ RunTime:0.000239s ]
INFO: [ app_end ] --START--
INFO: Run Behavior\ShowPageTraceBehavior [ RunTime:0.000593s ]
INFO: [ app_end ] --END-- [ RunTime:0.000626s ]

[ 2018-01-25T08:44:41+08:00 ] ::1 /hanteng/index.php/Home/Recruit/recruit_list.html
INFO: [ app_init ] --START--
INFO: Run Behavior\BuildLiteBehavior [ RunTime:0.000007s ]
INFO: [ app_init ] --END-- [ RunTime:0.000240s ]
INFO: [ app_begin ] --START--
INFO: Run Behavior\ReadHtmlCacheBehavior [ RunTime:0.000424s ]
INFO: [ app_begin ] --END-- [ RunTime:0.000465s ]
SQL: SHOW COLUMNS FROM `ht_contact` [ RunTime:0.0020s ]
SQL: SHOW COLUMNS FROM `ht_contact` [ RunTime:0.0006s ]
SQL: SELECT * FROM `ht_contact` LIMIT 1   [ RunTime:0.0004s ]
SQL: SHOW COLUMNS FROM `ht_category` [ RunTime:0.0009s ]
SQL: SELECT * FROM `ht_category` WHERE ( pid=0 )  [ RunTime:0.0003s ]
SQL: SELECT * FROM `ht_category` WHERE `pid` = 1 ORDER BY list_order ASC  [ RunTime:0.0003s ]
SQL: SELECT * FROM `ht_category` WHERE `pid` = 2 ORDER BY list_order ASC  [ RunTime:0.0003s ]
SQL: SELECT * FROM `ht_category` WHERE `pid` = 3 ORDER BY list_order ASC  [ RunTime:0.0003s ]
SQL: SELECT * FROM `ht_category` WHERE `pid` = 4 ORDER BY list_order ASC  [ RunTime:0.0003s ]
SQL: SHOW COLUMNS FROM `ht_recruit` [ RunTime:0.0012s ]
SQL: SHOW COLUMNS FROM `ht_recruit` [ RunTime:0.0006s ]
SQL: SELECT COUNT(*) AS tp_count FROM `ht_recruit` LIMIT 1   [ RunTime:0.0005s ]
SQL: SELECT * FROM `ht_recruit` ORDER BY public_date DESC LIMIT 0,10   [ RunTime:0.0005s ]
INFO: [ view_parse ] --START--
INFO: [ template_filter ] --START--
INFO: Run Behavior\ContentReplaceBehavior [ RunTime:0.000049s ]
INFO: [ template_filter ] --END-- [ RunTime:0.000078s ]
INFO: Run Behavior\ParseTemplateBehavior [ RunTime:0.009630s ]
INFO: [ view_parse ] --END-- [ RunTime:0.009660s ]
INFO: [ view_filter ] --START--
INFO: Run Behavior\WriteHtmlCacheBehavior [ RunTime:0.000238s ]
INFO: [ view_filter ] --END-- [ RunTime:0.000256s ]
INFO: [ app_end ] --START--
INFO: Run Behavior\ShowPageTraceBehavior [ RunTime:0.000363s ]
INFO: [ app_end ] --END-- [ RunTime:0.000398s ]

[ 2018-01-25T08:44:42+08:00 ] ::1 /hanteng/index.php/Home/Contact/index.html
INFO: [ app_init ] --START--
INFO: Run Behavior\BuildLiteBehavior [ RunTime:0.000011s ]
INFO: [ app_init ] --END-- [ RunTime:0.000375s ]
INFO: [ app_begin ] --START--
INFO: Run Behavior\ReadHtmlCacheBehavior [ RunTime:0.000368s ]
INFO: [ app_begin ] --END-- [ RunTime:0.000397s ]
SQL: SHOW COLUMNS FROM `ht_contact` [ RunTime:0.0010s ]
SQL: SHOW COLUMNS FROM `ht_contact` [ RunTime:0.0007s ]
SQL: SELECT * FROM `ht_contact` LIMIT 1   [ RunTime:0.0004s ]
SQL: SHOW COLUMNS FROM `ht_category` [ RunTime:0.0010s ]
SQL: SELECT * FROM `ht_category` WHERE ( pid=0 )  [ RunTime:0.0009s ]
SQL: SELECT * FROM `ht_category` WHERE `pid` = 1 ORDER BY list_order ASC  [ RunTime:0.0004s ]
SQL: SELECT * FROM `ht_category` WHERE `pid` = 2 ORDER BY list_order ASC  [ RunTime:0.0004s ]
SQL: SELECT * FROM `ht_category` WHERE `pid` = 3 ORDER BY list_order ASC  [ RunTime:0.0003s ]
SQL: SELECT * FROM `ht_category` WHERE `pid` = 4 ORDER BY list_order ASC  [ RunTime:0.0003s ]
INFO: [ view_parse ] --START--
INFO: [ template_filter ] --START--
INFO: Run Behavior\ContentReplaceBehavior [ RunTime:0.000091s ]
INFO: [ template_filter ] --END-- [ RunTime:0.000125s ]
INFO: Run Behavior\ParseTemplateBehavior [ RunTime:0.009365s ]
INFO: [ view_parse ] --END-- [ RunTime:0.009405s ]
INFO: [ view_filter ] --START--
INFO: Run Behavior\WriteHtmlCacheBehavior [ RunTime:0.000276s ]
INFO: [ view_filter ] --END-- [ RunTime:0.000300s ]
INFO: [ app_end ] --START--
INFO: Run Behavior\ShowPageTraceBehavior [ RunTime:0.000601s ]
INFO: [ app_end ] --END-- [ RunTime:0.000638s ]

[ 2018-01-25T08:44:55+08:00 ] ::1 /hanteng/index.php/Home/Recruit/recruit_list.html
INFO: [ app_init ] --START--
INFO: Run Behavior\BuildLiteBehavior [ RunTime:0.000007s ]
INFO: [ app_init ] --END-- [ RunTime:0.000288s ]
INFO: [ app_begin ] --START--
INFO: Run Behavior\ReadHtmlCacheBehavior [ RunTime:0.000316s ]
INFO: [ app_begin ] --END-- [ RunTime:0.000338s ]
SQL: SHOW COLUMNS FROM `ht_contact` [ RunTime:0.0008s ]
SQL: SHOW COLUMNS FROM `ht_contact` [ RunTime:0.0006s ]
SQL: SELECT * FROM `ht_contact` LIMIT 1   [ RunTime:0.0003s ]
SQL: SHOW COLUMNS FROM `ht_category` [ RunTime:0.0007s ]
SQL: SELECT * FROM `ht_category` WHERE ( pid=0 )  [ RunTime:0.0003s ]
SQL: SELECT * FROM `ht_category` WHERE `pid` = 1 ORDER BY list_order ASC  [ RunTime:0.0003s ]
SQL: SELECT * FROM `ht_category` WHERE `pid` = 2 ORDER BY list_order ASC  [ RunTime:0.0003s ]
SQL: SELECT * FROM `ht_category` WHERE `pid` = 3 ORDER BY list_order ASC  [ RunTime:0.0003s ]
SQL: SELECT * FROM `ht_category` WHERE `pid` = 4 ORDER BY list_order ASC  [ RunTime:0.0003s ]
SQL: SHOW COLUMNS FROM `ht_recruit` [ RunTime:0.0008s ]
SQL: SHOW COLUMNS FROM `ht_recruit` [ RunTime:0.0005s ]
SQL: SELECT COUNT(*) AS tp_count FROM `ht_recruit` LIMIT 1   [ RunTime:0.0002s ]
SQL: SELECT * FROM `ht_recruit` ORDER BY public_date DESC LIMIT 0,10   [ RunTime:0.0004s ]
INFO: [ view_parse ] --START--
INFO: [ template_filter ] --START--
INFO: Run Behavior\ContentReplaceBehavior [ RunTime:0.000049s ]
INFO: [ template_filter ] --END-- [ RunTime:0.000074s ]
INFO: Run Behavior\ParseTemplateBehavior [ RunTime:0.008610s ]
INFO: [ view_parse ] --END-- [ RunTime:0.008639s ]
INFO: [ view_filter ] --START--
INFO: Run Behavior\WriteHtmlCacheBehavior [ RunTime:0.000196s ]
INFO: [ view_filter ] --END-- [ RunTime:0.000213s ]
INFO: [ app_end ] --START--
INFO: Run Behavior\ShowPageTraceBehavior [ RunTime:0.000401s ]
INFO: [ app_end ] --END-- [ RunTime:0.000419s ]

[ 2018-01-25T08:44:57+08:00 ] ::1 /hanteng/index.php/Home/Article/article_list/id/1.html
INFO: [ app_init ] --START--
INFO: Run Behavior\BuildLiteBehavior [ RunTime:0.000008s ]
INFO: [ app_init ] --END-- [ RunTime:0.000246s ]
INFO: [ app_begin ] --START--
INFO: Run Behavior\ReadHtmlCacheBehavior [ RunTime:0.000317s ]
INFO: [ app_begin ] --END-- [ RunTime:0.000339s ]
SQL: SHOW COLUMNS FROM `ht_contact` [ RunTime:0.0008s ]
SQL: SHOW COLUMNS FROM `ht_contact` [ RunTime:0.0005s ]
SQL: SELECT * FROM `ht_contact` LIMIT 1   [ RunTime:0.0003s ]
SQL: SHOW COLUMNS FROM `ht_category` [ RunTime:0.0007s ]
SQL: SELECT * FROM `ht_category` WHERE ( pid=0 )  [ RunTime:0.0004s ]
SQL: SELECT * FROM `ht_category` WHERE `pid` = 1 ORDER BY list_order ASC  [ RunTime:0.0003s ]
SQL: SELECT * FROM `ht_category` WHERE `pid` = 2 ORDER BY list_order ASC  [ RunTime:0.0003s ]
SQL: SELECT * FROM `ht_category` WHERE `pid` = 3 ORDER BY list_order ASC  [ RunTime:0.0003s ]
SQL: SELECT * FROM `ht_category` WHERE `pid` = 4 ORDER BY list_order ASC  [ RunTime:0.0003s ]
NOTIC: [8] Undefined index: pt E:\wamp64\www\hanteng\Application\Home\Controller\ArticleController.class.php 第 12 行.
SQL: SHOW COLUMNS FROM `ht_article` [ RunTime:0.0008s ]
SQL: SELECT * FROM `ht_category` WHERE ( pid=1 ) ORDER BY list_order ASC  [ RunTime:0.0003s ]
SQL: SELECT * FROM `ht_category` WHERE ( id=1 ) LIMIT 1   [ RunTime:0.0002s ]
NOTIC: [8] Undefined index: pt E:\wamp64\www\hanteng\Application\Home\Controller\ArticleController.class.php 第 23 行.
SQL: SHOW COLUMNS FROM `ht_article` [ RunTime:0.0005s ]
SQL: SELECT COUNT(*) AS tp_count FROM `ht_article` WHERE `cat_id` = 17 LIMIT 1   [ RunTime:0.0004s ]
SQL: SELECT * FROM `ht_article` WHERE `cat_id` = 17 ORDER BY list_order ASC,public_date DESC LIMIT 0,10   [ RunTime:0.0011s ]
INFO: [ view_parse ] --START--
INFO: [ template_filter ] --START--
INFO: Run Behavior\ContentReplaceBehavior [ RunTime:0.000048s ]
INFO: [ template_filter ] --END-- [ RunTime:0.000072s ]
NOTIC: [8] Undefined variable: action E:\wamp64\www\hanteng\Application\Runtime\Cache\Home\5c6791bec05817edbf82bad20a13aa77.php 第 44 行.
NOTIC: [8] Undefined variable: action E:\wamp64\www\hanteng\Application\Runtime\Cache\Home\5c6791bec05817edbf82bad20a13aa77.php 第 46 行.
NOTIC: [8] Undefined variable: action E:\wamp64\www\hanteng\Application\Runtime\Cache\Home\5c6791bec05817edbf82bad20a13aa77.php 第 47 行.
NOTIC: [8] Use of undefined constant id - assumed 'id' E:\wamp64\www\hanteng\Application\Runtime\Cache\Home\5c6791bec05817edbf82bad20a13aa77.php 第 64 行.
INFO: Run Behavior\ParseTemplateBehavior [ RunTime:0.008281s ]
INFO: [ view_parse ] --END-- [ RunTime:0.008306s ]
INFO: [ view_filter ] --START--
INFO: Run Behavior\WriteHtmlCacheBehavior [ RunTime:0.000198s ]
INFO: [ view_filter ] --END-- [ RunTime:0.000216s ]
INFO: [ app_end ] --START--
INFO: Run Behavior\ShowPageTraceBehavior [ RunTime:0.000386s ]
INFO: [ app_end ] --END-- [ RunTime:0.000405s ]

[ 2018-01-25T08:44:58+08:00 ] ::1 /hanteng/index.php/Home/Article/article_list/id/2.html
INFO: [ app_init ] --START--
INFO: Run Behavior\BuildLiteBehavior [ RunTime:0.000008s ]
INFO: [ app_init ] --END-- [ RunTime:0.000296s ]
INFO: [ app_begin ] --START--
INFO: Run Behavior\ReadHtmlCacheBehavior [ RunTime:0.000391s ]
INFO: [ app_begin ] --END-- [ RunTime:0.000419s ]
SQL: SHOW COLUMNS FROM `ht_contact` [ RunTime:0.0007s ]
SQL: SHOW COLUMNS FROM `ht_contact` [ RunTime:0.0005s ]
SQL: SELECT * FROM `ht_contact` LIMIT 1   [ RunTime:0.0003s ]
SQL: SHOW COLUMNS FROM `ht_category` [ RunTime:0.0007s ]
SQL: SELECT * FROM `ht_category` WHERE ( pid=0 )  [ RunTime:0.0004s ]
SQL: SELECT * FROM `ht_category` WHERE `pid` = 1 ORDER BY list_order ASC  [ RunTime:0.0003s ]
SQL: SELECT * FROM `ht_category` WHERE `pid` = 2 ORDER BY list_order ASC  [ RunTime:0.0010s ]
SQL: SELECT * FROM `ht_category` WHERE `pid` = 3 ORDER BY list_order ASC  [ RunTime:0.0003s ]
SQL: SELECT * FROM `ht_category` WHERE `pid` = 4 ORDER BY list_order ASC  [ RunTime:0.0004s ]
NOTIC: [8] Undefined index: pt E:\wamp64\www\hanteng\Application\Home\Controller\ArticleController.class.php 第 12 行.
SQL: SHOW COLUMNS FROM `ht_article` [ RunTime:0.0012s ]
SQL: SELECT * FROM `ht_category` WHERE ( pid=2 ) ORDER BY list_order ASC  [ RunTime:0.0004s ]
SQL: SELECT * FROM `ht_category` WHERE ( id=2 ) LIMIT 1   [ RunTime:0.0003s ]
NOTIC: [8] Undefined index: pt E:\wamp64\www\hanteng\Application\Home\Controller\ArticleController.class.php 第 23 行.
SQL: SHOW COLUMNS FROM `ht_article` [ RunTime:0.0005s ]
SQL: SELECT COUNT(*) AS tp_count FROM `ht_article` WHERE `cat_id` = 5 LIMIT 1   [ RunTime:0.0005s ]
SQL: SELECT * FROM `ht_article` WHERE `cat_id` = 5 ORDER BY list_order ASC,public_date DESC LIMIT 0,10   [ RunTime:0.0005s ]
INFO: [ view_parse ] --START--
INFO: [ template_filter ] --START--
INFO: Run Behavior\ContentReplaceBehavior [ RunTime:0.000091s ]
INFO: [ template_filter ] --END-- [ RunTime:0.000127s ]
NOTIC: [8] Undefined variable: action E:\wamp64\www\hanteng\Application\Runtime\Cache\Home\5c6791bec05817edbf82bad20a13aa77.php 第 44 行.
NOTIC: [8] Undefined variable: action E:\wamp64\www\hanteng\Application\Runtime\Cache\Home\5c6791bec05817edbf82bad20a13aa77.php 第 46 行.
NOTIC: [8] Undefined variable: action E:\wamp64\www\hanteng\Application\Runtime\Cache\Home\5c6791bec05817edbf82bad20a13aa77.php 第 47 行.
NOTIC: [8] Use of undefined constant id - assumed 'id' E:\wamp64\www\hanteng\Application\Runtime\Cache\Home\5c6791bec05817edbf82bad20a13aa77.php 第 64 行.
NOTIC: [8] Use of undefined constant id - assumed 'id' E:\wamp64\www\hanteng\Application\Runtime\Cache\Home\5c6791bec05817edbf82bad20a13aa77.php 第 64 行.
NOTIC: [8] Use of undefined constant id - assumed 'id' E:\wamp64\www\hanteng\Application\Runtime\Cache\Home\5c6791bec05817edbf82bad20a13aa77.php 第 64 行.
NOTIC: [8] Use of undefined constant id - assumed 'id' E:\wamp64\www\hanteng\Application\Runtime\Cache\Home\5c6791bec05817edbf82bad20a13aa77.php 第 64 行.
INFO: Run Behavior\ParseTemplateBehavior [ RunTime:0.010145s ]
INFO: [ view_parse ] --END-- [ RunTime:0.010177s ]
INFO: [ view_filter ] --START--
INFO: Run Behavior\WriteHtmlCacheBehavior [ RunTime:0.000445s ]
INFO: [ view_filter ] --END-- [ RunTime:0.000495s ]
INFO: [ app_end ] --START--
INFO: Run Behavior\ShowPageTraceBehavior [ RunTime:0.000747s ]
INFO: [ app_end ] --END-- [ RunTime:0.000790s ]

[ 2018-01-25T08:44:58+08:00 ] ::1 /hanteng/index.php/Home/Article/article_list/id/3.html
INFO: [ app_init ] --START--
INFO: Run Behavior\BuildLiteBehavior [ RunTime:0.000013s ]
INFO: [ app_init ] --END-- [ RunTime:0.000380s ]
INFO: [ app_begin ] --START--
INFO: Run Behavior\ReadHtmlCacheBehavior [ RunTime:0.000942s ]
INFO: [ app_begin ] --END-- [ RunTime:0.001039s ]
SQL: SHOW COLUMNS FROM `ht_contact` [ RunTime:0.0009s ]
SQL: SHOW COLUMNS FROM `ht_contact` [ RunTime:0.0011s ]
SQL: SELECT * FROM `ht_contact` LIMIT 1   [ RunTime:0.0003s ]
SQL: SHOW COLUMNS FROM `ht_category` [ RunTime:0.0007s ]
SQL: SELECT * FROM `ht_category` WHERE ( pid=0 )  [ RunTime:0.0003s ]
SQL: SELECT * FROM `ht_category` WHERE `pid` = 1 ORDER BY list_order ASC  [ RunTime:0.0003s ]
SQL: SELECT * FROM `ht_category` WHERE `pid` = 2 ORDER BY list_order ASC  [ RunTime:0.0003s ]
SQL: SELECT * FROM `ht_category` WHERE `pid` = 3 ORDER BY list_order ASC  [ RunTime:0.0003s ]
SQL: SELECT * FROM `ht_category` WHERE `pid` = 4 ORDER BY list_order ASC  [ RunTime:0.0003s ]
NOTIC: [8] Undefined index: pt E:\wamp64\www\hanteng\Application\Home\Controller\ArticleController.class.php 第 12 行.
SQL: SHOW COLUMNS FROM `ht_article` [ RunTime:0.0008s ]
SQL: SELECT * FROM `ht_category` WHERE ( pid=3 ) ORDER BY list_order ASC  [ RunTime:0.0003s ]
SQL: SELECT * FROM `ht_category` WHERE ( id=3 ) LIMIT 1   [ RunTime:0.0003s ]
NOTIC: [8] Undefined index: pt E:\wamp64\www\hanteng\Application\Home\Controller\ArticleController.class.php 第 23 行.
SQL: SHOW COLUMNS FROM `ht_article` [ RunTime:0.0005s ]
SQL: SELECT COUNT(*) AS tp_count FROM `ht_article` WHERE `cat_id` = 9 LIMIT 1   [ RunTime:0.0004s ]
SQL: SELECT * FROM `ht_article` WHERE `cat_id` = 9 ORDER BY list_order ASC,public_date DESC LIMIT 0,10   [ RunTime:0.0005s ]
INFO: [ view_parse ] --START--
INFO: [ template_filter ] --START--
INFO: Run Behavior\ContentReplaceBehavior [ RunTime:0.000068s ]
INFO: [ template_filter ] --END-- [ RunTime:0.000113s ]
NOTIC: [8] Undefined variable: action E:\wamp64\www\hanteng\Application\Runtime\Cache\Home\5c6791bec05817edbf82bad20a13aa77.php 第 44 行.
NOTIC: [8] Undefined variable: action E:\wamp64\www\hanteng\Application\Runtime\Cache\Home\5c6791bec05817edbf82bad20a13aa77.php 第 46 行.
NOTIC: [8] Undefined variable: action E:\wamp64\www\hanteng\Application\Runtime\Cache\Home\5c6791bec05817edbf82bad20a13aa77.php 第 47 行.
NOTIC: [8] Use of undefined constant id - assumed 'id' E:\wamp64\www\hanteng\Application\Runtime\Cache\Home\5c6791bec05817edbf82bad20a13aa77.php 第 64 行.
NOTIC: [8] Use of undefined constant id - assumed 'id' E:\wamp64\www\hanteng\Application\Runtime\Cache\Home\5c6791bec05817edbf82bad20a13aa77.php 第 64 行.
NOTIC: [8] Use of undefined constant id - assumed 'id' E:\wamp64\www\hanteng\Application\Runtime\Cache\Home\5c6791bec05817edbf82bad20a13aa77.php 第 64 行.
NOTIC: [8] Use of undefined constant id - assumed 'id' E:\wamp64\www\hanteng\Application\Runtime\Cache\Home\5c6791bec05817edbf82bad20a13aa77.php 第 64 行.
INFO: Run Behavior\ParseTemplateBehavior [ RunTime:0.010111s ]
INFO: [ view_parse ] --END-- [ RunTime:0.010134s ]
INFO: [ view_filter ] --START--
INFO: Run Behavior\WriteHtmlCacheBehavior [ RunTime:0.000230s ]
INFO: [ view_filter ] --END-- [ RunTime:0.000248s ]
INFO: [ app_end ] --START--
INFO: Run Behavior\ShowPageTraceBehavior [ RunTime:0.000393s ]
INFO: [ app_end ] --END-- [ RunTime:0.000411s ]

[ 2018-01-25T08:44:59+08:00 ] ::1 /hanteng/index.php/Home/Article/article_list/id/4.html
INFO: [ app_init ] --START--
INFO: Run Behavior\BuildLiteBehavior [ RunTime:0.000008s ]
INFO: [ app_init ] --END-- [ RunTime:0.000255s ]
INFO: [ app_begin ] --START--
INFO: Run Behavior\ReadHtmlCacheBehavior [ RunTime:0.000325s ]
INFO: [ app_begin ] --END-- [ RunTime:0.000348s ]
SQL: SHOW COLUMNS FROM `ht_contact` [ RunTime:0.0009s ]
SQL: SHOW COLUMNS FROM `ht_contact` [ RunTime:0.0005s ]
SQL: SELECT * FROM `ht_contact` LIMIT 1   [ RunTime:0.0003s ]
SQL: SHOW COLUMNS FROM `ht_category` [ RunTime:0.0008s ]
SQL: SELECT * FROM `ht_category` WHERE ( pid=0 )  [ RunTime:0.0003s ]
SQL: SELECT * FROM `ht_category` WHERE `pid` = 1 ORDER BY list_order ASC  [ RunTime:0.0002s ]
SQL: SELECT * FROM `ht_category` WHERE `pid` = 2 ORDER BY list_order ASC  [ RunTime:0.0002s ]
SQL: SELECT * FROM `ht_category` WHERE `pid` = 3 ORDER BY list_order ASC  [ RunTime:0.0003s ]
SQL: SELECT * FROM `ht_category` WHERE `pid` = 4 ORDER BY list_order ASC  [ RunTime:0.0002s ]
NOTIC: [8] Undefined index: pt E:\wamp64\www\hanteng\Application\Home\Controller\ArticleController.class.php 第 12 行.
SQL: SHOW COLUMNS FROM `ht_article` [ RunTime:0.0014s ]
SQL: SELECT * FROM `ht_category` WHERE ( pid=4 ) ORDER BY list_order ASC  [ RunTime:0.0007s ]
SQL: SELECT * FROM `ht_category` WHERE ( id=4 ) LIMIT 1   [ RunTime:0.0003s ]
NOTIC: [8] Undefined index: pt E:\wamp64\www\hanteng\Application\Home\Controller\ArticleController.class.php 第 23 行.
SQL: SHOW COLUMNS FROM `ht_article` [ RunTime:0.0006s ]
SQL: SELECT COUNT(*) AS tp_count FROM `ht_article` WHERE `cat_id` = 13 LIMIT 1   [ RunTime:0.0004s ]
SQL: SELECT * FROM `ht_article` WHERE `cat_id` = 13 ORDER BY list_order ASC,public_date DESC LIMIT 0,10   [ RunTime:0.0015s ]
INFO: [ view_parse ] --START--
INFO: [ template_filter ] --START--
INFO: Run Behavior\ContentReplaceBehavior [ RunTime:0.000065s ]
INFO: [ template_filter ] --END-- [ RunTime:0.000103s ]
NOTIC: [8] Undefined variable: action E:\wamp64\www\hanteng\Application\Runtime\Cache\Home\5c6791bec05817edbf82bad20a13aa77.php 第 44 行.
NOTIC: [8] Undefined variable: action E:\wamp64\www\hanteng\Application\Runtime\Cache\Home\5c6791bec05817edbf82bad20a13aa77.php 第 46 行.
NOTIC: [8] Undefined variable: action E:\wamp64\www\hanteng\Application\Runtime\Cache\Home\5c6791bec05817edbf82bad20a13aa77.php 第 47 行.
NOTIC: [8] Use of undefined constant id - assumed 'id' E:\wamp64\www\hanteng\Application\Runtime\Cache\Home\5c6791bec05817edbf82bad20a13aa77.php 第 64 行.
NOTIC: [8] Use of undefined constant id - assumed 'id' E:\wamp64\www\hanteng\Application\Runtime\Cache\Home\5c6791bec05817edbf82bad20a13aa77.php 第 64 行.
NOTIC: [8] Use of undefined constant id - assumed 'id' E:\wamp64\www\hanteng\Application\Runtime\Cache\Home\5c6791bec05817edbf82bad20a13aa77.php 第 64 行.
INFO: Run Behavior\ParseTemplateBehavior [ RunTime:0.010840s ]
INFO: [ view_parse ] --END-- [ RunTime:0.010959s ]
INFO: [ view_filter ] --START--
INFO: Run Behavior\WriteHtmlCacheBehavior [ RunTime:0.000491s ]
INFO: [ view_filter ] --END-- [ RunTime:0.000535s ]
INFO: [ app_end ] --START--
INFO: Run Behavior\ShowPageTraceBehavior [ RunTime:0.001126s ]
INFO: [ app_end ] --END-- [ RunTime:0.001176s ]

[ 2018-01-25T08:45:01+08:00 ] ::1 /hanteng/index.php/Home/Recruit/recruit_list.html
INFO: [ app_init ] --START--
INFO: Run Behavior\BuildLiteBehavior [ RunTime:0.000007s ]
INFO: [ app_init ] --END-- [ RunTime:0.000248s ]
INFO: [ app_begin ] --START--
INFO: Run Behavior\ReadHtmlCacheBehavior [ RunTime:0.000327s ]
INFO: [ app_begin ] --END-- [ RunTime:0.000351s ]
SQL: SHOW COLUMNS FROM `ht_contact` [ RunTime:0.0006s ]
SQL: SHOW COLUMNS FROM `ht_contact` [ RunTime:0.0005s ]
SQL: SELECT * FROM `ht_contact` LIMIT 1   [ RunTime:0.0003s ]
SQL: SHOW COLUMNS FROM `ht_category` [ RunTime:0.0005s ]
SQL: SELECT * FROM `ht_category` WHERE ( pid=0 )  [ RunTime:0.0003s ]
SQL: SELECT * FROM `ht_category` WHERE `pid` = 1 ORDER BY list_order ASC  [ RunTime:0.0003s ]
SQL: SELECT * FROM `ht_category` WHERE `pid` = 2 ORDER BY list_order ASC  [ RunTime:0.0003s ]
SQL: SELECT * FROM `ht_category` WHERE `pid` = 3 ORDER BY list_order ASC  [ RunTime:0.0004s ]
SQL: SELECT * FROM `ht_category` WHERE `pid` = 4 ORDER BY list_order ASC  [ RunTime:0.0004s ]
SQL: SHOW COLUMNS FROM `ht_recruit` [ RunTime:0.0010s ]
SQL: SHOW COLUMNS FROM `ht_recruit` [ RunTime:0.0006s ]
SQL: SELECT COUNT(*) AS tp_count FROM `ht_recruit` LIMIT 1   [ RunTime:0.0003s ]
SQL: SELECT * FROM `ht_recruit` ORDER BY public_date DESC LIMIT 0,10   [ RunTime:0.0004s ]
INFO: [ view_parse ] --START--
INFO: [ template_filter ] --START--
INFO: Run Behavior\ContentReplaceBehavior [ RunTime:0.000069s ]
INFO: [ template_filter ] --END-- [ RunTime:0.000116s ]
INFO: Run Behavior\ParseTemplateBehavior [ RunTime:0.008583s ]
INFO: [ view_parse ] --END-- [ RunTime:0.008610s ]
INFO: [ view_filter ] --START--
INFO: Run Behavior\WriteHtmlCacheBehavior [ RunTime:0.000215s ]
INFO: [ view_filter ] --END-- [ RunTime:0.000233s ]
INFO: [ app_end ] --START--
INFO: Run Behavior\ShowPageTraceBehavior [ RunTime:0.000377s ]
INFO: [ app_end ] --END-- [ RunTime:0.000397s ]

[ 2018-01-25T08:45:05+08:00 ] ::1 /hanteng/index.php/Home/Recruit/recruit_detail/id/8.html
INFO: [ app_init ] --START--
INFO: Run Behavior\BuildLiteBehavior [ RunTime:0.000007s ]
INFO: [ app_init ] --END-- [ RunTime:0.000257s ]
INFO: [ app_begin ] --START--
INFO: Run Behavior\ReadHtmlCacheBehavior [ RunTime:0.000374s ]
INFO: [ app_begin ] --END-- [ RunTime:0.000398s ]
SQL: SHOW COLUMNS FROM `ht_contact` [ RunTime:0.0008s ]
SQL: SHOW COLUMNS FROM `ht_contact` [ RunTime:0.0006s ]
SQL: SELECT * FROM `ht_contact` LIMIT 1   [ RunTime:0.0003s ]
SQL: SHOW COLUMNS FROM `ht_category` [ RunTime:0.0006s ]
SQL: SELECT * FROM `ht_category` WHERE ( pid=0 )  [ RunTime:0.0003s ]
SQL: SELECT * FROM `ht_category` WHERE `pid` = 1 ORDER BY list_order ASC  [ RunTime:0.0003s ]
SQL: SELECT * FROM `ht_category` WHERE `pid` = 2 ORDER BY list_order ASC  [ RunTime:0.0003s ]
SQL: SELECT * FROM `ht_category` WHERE `pid` = 3 ORDER BY list_order ASC  [ RunTime:0.0004s ]
SQL: SELECT * FROM `ht_category` WHERE `pid` = 4 ORDER BY list_order ASC  [ RunTime:0.0003s ]
SQL: SHOW COLUMNS FROM `ht_recruit` [ RunTime:0.0007s ]
SQL: SHOW COLUMNS FROM `ht_recruit` [ RunTime:0.0005s ]
SQL: SELECT * FROM `ht_recruit` WHERE `id` = 8 LIMIT 1   [ RunTime:0.0004s ]
SQL: SHOW COLUMNS FROM `ht_hits_log` [ RunTime:0.0009s ]
SQL: SELECT * FROM `ht_hits_log` WHERE `obj_id` = 8 AND `type` = 2 AND `ip` = '0.0.0.0' ORDER BY time DESC LIMIT 1   [ RunTime:0.0004s ]
NOTIC: [8] Undefined index: validate E:\wamp64\www\hanteng\ThinkPHP\Library\Think\Model.class.php 第 1185 行.
NOTIC: [8] Undefined index: auto E:\wamp64\www\hanteng\ThinkPHP\Library\Think\Model.class.php 第 1128 行.
SQL: INSERT INTO `ht_hits_log` (`obj_id`,`type`,`ip`,`time`) VALUES ('8','2','0.0.0.0','1516841105') [ RunTime:0.0008s ]
SQL: UPDATE `ht_recruit` SET `hits`=hits+1 WHERE `id` = 8 [ RunTime:0.0308s ]
INFO: [ view_parse ] --START--
INFO: [ template_filter ] --START--
INFO: Run Behavior\ContentReplaceBehavior [ RunTime:0.000149s ]
INFO: [ template_filter ] --END-- [ RunTime:0.000209s ]
INFO: Run Behavior\ParseTemplateBehavior [ RunTime:0.017960s ]
INFO: [ view_parse ] --END-- [ RunTime:0.018013s ]
INFO: [ view_filter ] --START--
INFO: Run Behavior\WriteHtmlCacheBehavior [ RunTime:0.000488s ]
INFO: [ view_filter ] --END-- [ RunTime:0.000617s ]
INFO: [ app_end ] --START--
INFO: Run Behavior\ShowPageTraceBehavior [ RunTime:0.001595s ]
INFO: [ app_end ] --END-- [ RunTime:0.001651s ]

[ 2018-01-25T08:45:53+08:00 ] ::1 /hanteng/index.php/Home/Index/index.html
INFO: [ app_init ] --START--
INFO: Run Behavior\BuildLiteBehavior [ RunTime:0.000008s ]
INFO: [ app_init ] --END-- [ RunTime:0.000349s ]
INFO: [ app_begin ] --START--
INFO: Run Behavior\ReadHtmlCacheBehavior [ RunTime:0.000325s ]
INFO: [ app_begin ] --END-- [ RunTime:0.000348s ]
SQL: SHOW COLUMNS FROM `ht_contact` [ RunTime:0.0017s ]
SQL: SHOW COLUMNS FROM `ht_contact` [ RunTime:0.0007s ]
SQL: SELECT * FROM `ht_contact` LIMIT 1   [ RunTime:0.0004s ]
SQL: SHOW COLUMNS FROM `ht_category` [ RunTime:0.0012s ]
SQL: SELECT * FROM `ht_category` WHERE ( pid=0 )  [ RunTime:0.0004s ]
SQL: SELECT * FROM `ht_category` WHERE `pid` = 1 ORDER BY list_order ASC  [ RunTime:0.0005s ]
SQL: SELECT * FROM `ht_category` WHERE `pid` = 2 ORDER BY list_order ASC  [ RunTime:0.0005s ]
SQL: SELECT * FROM `ht_category` WHERE `pid` = 3 ORDER BY list_order ASC  [ RunTime:0.0003s ]
SQL: SELECT * FROM `ht_category` WHERE `pid` = 4 ORDER BY list_order ASC  [ RunTime:0.0003s ]
SQL: SHOW COLUMNS FROM `ht_contact` [ RunTime:0.0006s ]
SQL: SHOW COLUMNS FROM `ht_banner` [ RunTime:0.0007s ]
SQL: SELECT * FROM `ht_banner`  [ RunTime:0.0004s ]
SQL: SELECT * FROM `ht_category` WHERE `id` IN ('1','3','4')  [ RunTime:0.0004s ]
SQL: SHOW COLUMNS FROM `ht_article` [ RunTime:0.0007s ]
SQL: SELECT * FROM `ht_article` WHERE ( cat_id=1 ) LIMIT 1   [ RunTime:0.0004s ]
SQL: SELECT * FROM `ht_category` WHERE ( pid=1 )  [ RunTime:0.0003s ]
SQL: SELECT * FROM `ht_article` WHERE ( cat_id IN (17) ) ORDER BY list_order ASC,public_date DESC LIMIT 4   [ RunTime:0.0005s ]
SQL: SELECT * FROM `ht_article` WHERE ( cat_id=3 ) LIMIT 1   [ RunTime:0.0003s ]
SQL: SELECT * FROM `ht_category` WHERE ( pid=3 )  [ RunTime:0.0003s ]
SQL: SELECT * FROM `ht_article` WHERE ( cat_id IN (9,10,11,12) ) ORDER BY list_order ASC,public_date DESC LIMIT 4   [ RunTime:0.0004s ]
SQL: SELECT * FROM `ht_article` WHERE ( cat_id=4 ) LIMIT 1   [ RunTime:0.0003s ]
SQL: SELECT * FROM `ht_category` WHERE ( pid=4 )  [ RunTime:0.0003s ]
SQL: SELECT * FROM `ht_article` WHERE ( cat_id IN (13,14,16) ) ORDER BY list_order ASC,public_date DESC LIMIT 4   [ RunTime:0.0009s ]
INFO: [ view_parse ] --START--
INFO: [ template_filter ] --START--
INFO: Run Behavior\ContentReplaceBehavior [ RunTime:0.000151s ]
INFO: [ template_filter ] --END-- [ RunTime:0.000178s ]
INFO: Run Behavior\ParseTemplateBehavior [ RunTime:0.010993s ]
INFO: [ view_parse ] --END-- [ RunTime:0.011021s ]
INFO: [ view_filter ] --START--
INFO: Run Behavior\WriteHtmlCacheBehavior [ RunTime:0.000202s ]
INFO: [ view_filter ] --END-- [ RunTime:0.000220s ]
INFO: [ app_end ] --START--
INFO: Run Behavior\ShowPageTraceBehavior [ RunTime:0.000608s ]
INFO: [ app_end ] --END-- [ RunTime:0.000646s ]

[ 2018-01-25T08:52:09+08:00 ] ::1 /hanteng/
INFO: [ app_init ] --START--
INFO: Run Behavior\BuildLiteBehavior [ RunTime:0.000014s ]
INFO: [ app_init ] --END-- [ RunTime:0.000456s ]
INFO: [ app_begin ] --START--
INFO: Run Behavior\ReadHtmlCacheBehavior [ RunTime:0.001017s ]
INFO: [ app_begin ] --END-- [ RunTime:0.001103s ]
SQL: SHOW COLUMNS FROM `ht_contact` [ RunTime:0.0012s ]
SQL: SHOW COLUMNS FROM `ht_contact` [ RunTime:0.0013s ]
SQL: SELECT * FROM `ht_contact` LIMIT 1   [ RunTime:0.0004s ]
SQL: SHOW COLUMNS FROM `ht_category` [ RunTime:0.0010s ]
SQL: SELECT * FROM `ht_category` WHERE ( pid=0 )  [ RunTime:0.0006s ]
SQL: SELECT * FROM `ht_category` WHERE `pid` = 1 ORDER BY list_order ASC  [ RunTime:0.0004s ]
SQL: SELECT * FROM `ht_category` WHERE `pid` = 2 ORDER BY list_order ASC  [ RunTime:0.0004s ]
SQL: SELECT * FROM `ht_category` WHERE `pid` = 3 ORDER BY list_order ASC  [ RunTime:0.0005s ]
SQL: SELECT * FROM `ht_category` WHERE `pid` = 4 ORDER BY list_order ASC  [ RunTime:0.0004s ]
SQL: SHOW COLUMNS FROM `ht_contact` [ RunTime:0.0010s ]
SQL: SHOW COLUMNS FROM `ht_banner` [ RunTime:0.0011s ]
SQL: SELECT * FROM `ht_banner`  [ RunTime:0.0004s ]
SQL: SELECT * FROM `ht_category` WHERE `id` IN ('1','3','4')  [ RunTime:0.0005s ]
SQL: SHOW COLUMNS FROM `ht_article` [ RunTime:0.0012s ]
SQL: SELECT * FROM `ht_article` WHERE ( cat_id=1 ) LIMIT 1   [ RunTime:0.0006s ]
SQL: SELECT * FROM `ht_category` WHERE ( pid=1 )  [ RunTime:0.0003s ]
SQL: SELECT * FROM `ht_article` WHERE ( cat_id IN (17) ) ORDER BY list_order ASC,public_date DESC LIMIT 4   [ RunTime:0.0005s ]
SQL: SELECT * FROM `ht_article` WHERE ( cat_id=3 ) LIMIT 1   [ RunTime:0.0004s ]
SQL: SELECT * FROM `ht_category` WHERE ( pid=3 )  [ RunTime:0.0003s ]
SQL: SELECT * FROM `ht_article` WHERE ( cat_id IN (9,10,11,12) ) ORDER BY list_order ASC,public_date DESC LIMIT 4   [ RunTime:0.0004s ]
SQL: SELECT * FROM `ht_article` WHERE ( cat_id=4 ) LIMIT 1   [ RunTime:0.0004s ]
SQL: SELECT * FROM `ht_category` WHERE ( pid=4 )  [ RunTime:0.0002s ]
SQL: SELECT * FROM `ht_article` WHERE ( cat_id IN (13,14,16) ) ORDER BY list_order ASC,public_date DESC LIMIT 4   [ RunTime:0.0008s ]
INFO: [ view_parse ] --START--
INFO: [ template_filter ] --START--
INFO: Run Behavior\ContentReplaceBehavior [ RunTime:0.000146s ]
INFO: [ template_filter ] --END-- [ RunTime:0.000191s ]
INFO: Run Behavior\ParseTemplateBehavior [ RunTime:0.013073s ]
INFO: [ view_parse ] --END-- [ RunTime:0.013116s ]
INFO: [ view_filter ] --START--
INFO: Run Behavior\WriteHtmlCacheBehavior [ RunTime:0.000522s ]
INFO: [ view_filter ] --END-- [ RunTime:0.000554s ]
INFO: [ app_end ] --START--
INFO: Run Behavior\ShowPageTraceBehavior [ RunTime:0.000834s ]
INFO: [ app_end ] --END-- [ RunTime:0.000881s ]

[ 2018-01-25T08:52:31+08:00 ] ::1 /hanteng/index.php
INFO: [ app_init ] --START--
INFO: Run Behavior\BuildLiteBehavior [ RunTime:0.000008s ]
INFO: [ app_init ] --END-- [ RunTime:0.000283s ]
INFO: [ app_begin ] --START--
INFO: Run Behavior\ReadHtmlCacheBehavior [ RunTime:0.000317s ]
INFO: [ app_begin ] --END-- [ RunTime:0.000340s ]
SQL: SHOW COLUMNS FROM `ht_contact` [ RunTime:0.0008s ]
SQL: SHOW COLUMNS FROM `ht_contact` [ RunTime:0.0006s ]
SQL: SELECT * FROM `ht_contact` LIMIT 1   [ RunTime:0.0003s ]
SQL: SHOW COLUMNS FROM `ht_category` [ RunTime:0.0008s ]
SQL: SELECT * FROM `ht_category` WHERE ( pid=0 )  [ RunTime:0.0003s ]
SQL: SELECT * FROM `ht_category` WHERE `pid` = 1 ORDER BY list_order ASC  [ RunTime:0.0003s ]
SQL: SELECT * FROM `ht_category` WHERE `pid` = 2 ORDER BY list_order ASC  [ RunTime:0.0003s ]
SQL: SELECT * FROM `ht_category` WHERE `pid` = 3 ORDER BY list_order ASC  [ RunTime:0.0003s ]
SQL: SELECT * FROM `ht_category` WHERE `pid` = 4 ORDER BY list_order ASC  [ RunTime:0.0003s ]
SQL: SHOW COLUMNS FROM `ht_contact` [ RunTime:0.0006s ]
SQL: SHOW COLUMNS FROM `ht_banner` [ RunTime:0.0007s ]
SQL: SELECT * FROM `ht_banner`  [ RunTime:0.0004s ]
SQL: SELECT * FROM `ht_category` WHERE `id` IN ('1','3','4')  [ RunTime:0.0004s ]
SQL: SHOW COLUMNS FROM `ht_article` [ RunTime:0.0008s ]
SQL: SELECT * FROM `ht_article` WHERE ( cat_id=1 ) LIMIT 1   [ RunTime:0.0004s ]
SQL: SELECT * FROM `ht_category` WHERE ( pid=1 )  [ RunTime:0.0003s ]
SQL: SELECT * FROM `ht_article` WHERE ( cat_id IN (17) ) ORDER BY list_order ASC,public_date DESC LIMIT 4   [ RunTime:0.0004s ]
SQL: SELECT * FROM `ht_article` WHERE ( cat_id=3 ) LIMIT 1   [ RunTime:0.0003s ]
SQL: SELECT * FROM `ht_category` WHERE ( pid=3 )  [ RunTime:0.0003s ]
SQL: SELECT * FROM `ht_article` WHERE ( cat_id IN (9,10,11,12) ) ORDER BY list_order ASC,public_date DESC LIMIT 4   [ RunTime:0.0004s ]
SQL: SELECT * FROM `ht_article` WHERE ( cat_id=4 ) LIMIT 1   [ RunTime:0.0003s ]
SQL: SELECT * FROM `ht_category` WHERE ( pid=4 )  [ RunTime:0.0003s ]
SQL: SELECT * FROM `ht_article` WHERE ( cat_id IN (13,14,16) ) ORDER BY list_order ASC,public_date DESC LIMIT 4   [ RunTime:0.0009s ]
INFO: [ view_parse ] --START--
INFO: [ template_filter ] --START--
INFO: Run Behavior\ContentReplaceBehavior [ RunTime:0.000095s ]
INFO: [ template_filter ] --END-- [ RunTime:0.000121s ]
INFO: Run Behavior\ParseTemplateBehavior [ RunTime:0.010350s ]
INFO: [ view_parse ] --END-- [ RunTime:0.010377s ]
INFO: [ view_filter ] --START--
INFO: Run Behavior\WriteHtmlCacheBehavior [ RunTime:0.000200s ]
INFO: [ view_filter ] --END-- [ RunTime:0.000219s ]
INFO: [ app_end ] --START--
INFO: Run Behavior\ShowPageTraceBehavior [ RunTime:0.000650s ]
INFO: [ app_end ] --END-- [ RunTime:0.000685s ]

[ 2018-01-25T08:52:35+08:00 ] ::1 /hanteng/index.php
INFO: [ app_init ] --START--
INFO: Run Behavior\BuildLiteBehavior [ RunTime:0.000050s ]
INFO: [ app_init ] --END-- [ RunTime:0.001535s ]
INFO: [ app_begin ] --START--
INFO: Run Behavior\ReadHtmlCacheBehavior [ RunTime:0.000668s ]
INFO: [ app_begin ] --END-- [ RunTime:0.000727s ]
SQL: SHOW COLUMNS FROM `ht_contact` [ RunTime:0.0007s ]
SQL: SHOW COLUMNS FROM `ht_contact` [ RunTime:0.0006s ]
SQL: SELECT * FROM `ht_contact` LIMIT 1   [ RunTime:0.0004s ]
SQL: SHOW COLUMNS FROM `ht_category` [ RunTime:0.0007s ]
SQL: SELECT * FROM `ht_category` WHERE ( pid=0 )  [ RunTime:0.0004s ]
SQL: SELECT * FROM `ht_category` WHERE `pid` = 1 ORDER BY list_order ASC  [ RunTime:0.0007s ]
SQL: SELECT * FROM `ht_category` WHERE `pid` = 2 ORDER BY list_order ASC  [ RunTime:0.0004s ]
SQL: SELECT * FROM `ht_category` WHERE `pid` = 3 ORDER BY list_order ASC  [ RunTime:0.0003s ]
SQL: SELECT * FROM `ht_category` WHERE `pid` = 4 ORDER BY list_order ASC  [ RunTime:0.0004s ]
SQL: SHOW COLUMNS FROM `ht_contact` [ RunTime:0.0007s ]
SQL: SHOW COLUMNS FROM `ht_banner` [ RunTime:0.0006s ]
SQL: SELECT * FROM `ht_banner`  [ RunTime:0.0004s ]
SQL: SELECT * FROM `ht_category` WHERE `id` IN ('1','3','4')  [ RunTime:0.0004s ]
SQL: SHOW COLUMNS FROM `ht_article` [ RunTime:0.0007s ]
SQL: SELECT * FROM `ht_article` WHERE ( cat_id=1 ) LIMIT 1   [ RunTime:0.0004s ]
SQL: SELECT * FROM `ht_category` WHERE ( pid=1 )  [ RunTime:0.0003s ]
SQL: SELECT * FROM `ht_article` WHERE ( cat_id IN (17) ) ORDER BY list_order ASC,public_date DESC LIMIT 4   [ RunTime:0.0005s ]
SQL: SELECT * FROM `ht_article` WHERE ( cat_id=3 ) LIMIT 1   [ RunTime:0.0004s ]
SQL: SELECT * FROM `ht_category` WHERE ( pid=3 )  [ RunTime:0.0003s ]
SQL: SELECT * FROM `ht_article` WHERE ( cat_id IN (9,10,11,12) ) ORDER BY list_order ASC,public_date DESC LIMIT 4   [ RunTime:0.0005s ]
SQL: SELECT * FROM `ht_article` WHERE ( cat_id=4 ) LIMIT 1   [ RunTime:0.0004s ]
SQL: SELECT * FROM `ht_category` WHERE ( pid=4 )  [ RunTime:0.0004s ]
SQL: SELECT * FROM `ht_article` WHERE ( cat_id IN (13,14,16) ) ORDER BY list_order ASC,public_date DESC LIMIT 4   [ RunTime:0.0010s ]
INFO: [ view_parse ] --START--
INFO: [ template_filter ] --START--
INFO: Run Behavior\ContentReplaceBehavior [ RunTime:0.000153s ]
INFO: [ template_filter ] --END-- [ RunTime:0.000193s ]
INFO: Run Behavior\ParseTemplateBehavior [ RunTime:0.013489s ]
INFO: [ view_parse ] --END-- [ RunTime:0.013527s ]
INFO: [ view_filter ] --START--
INFO: Run Behavior\WriteHtmlCacheBehavior [ RunTime:0.000286s ]
INFO: [ view_filter ] --END-- [ RunTime:0.000312s ]
INFO: [ app_end ] --START--
INFO: Run Behavior\ShowPageTraceBehavior [ RunTime:0.000570s ]
INFO: [ app_end ] --END-- [ RunTime:0.000607s ]

[ 2018-01-25T08:52:59+08:00 ] ::1 /hanteng/index.php
INFO: [ app_init ] --START--
INFO: Run Behavior\BuildLiteBehavior [ RunTime:0.000008s ]
INFO: [ app_init ] --END-- [ RunTime:0.000349s ]
INFO: [ app_begin ] --START--
INFO: Run Behavior\ReadHtmlCacheBehavior [ RunTime:0.000401s ]
INFO: [ app_begin ] --END-- [ RunTime:0.000427s ]
SQL: SHOW COLUMNS FROM `ht_contact` [ RunTime:0.0009s ]
SQL: SHOW COLUMNS FROM `ht_contact` [ RunTime:0.0009s ]
SQL: SELECT * FROM `ht_contact` LIMIT 1   [ RunTime:0.0003s ]
SQL: SHOW COLUMNS FROM `ht_category` [ RunTime:0.0005s ]
SQL: SELECT * FROM `ht_category` WHERE ( pid=0 )  [ RunTime:0.0003s ]
SQL: SELECT * FROM `ht_category` WHERE `pid` = 1 ORDER BY list_order ASC  [ RunTime:0.0003s ]
SQL: SELECT * FROM `ht_category` WHERE `pid` = 2 ORDER BY list_order ASC  [ RunTime:0.0003s ]
SQL: SELECT * FROM `ht_category` WHERE `pid` = 3 ORDER BY list_order ASC  [ RunTime:0.0002s ]
SQL: SELECT * FROM `ht_category` WHERE `pid` = 4 ORDER BY list_order ASC  [ RunTime:0.0003s ]
SQL: SHOW COLUMNS FROM `ht_contact` [ RunTime:0.0006s ]
SQL: SHOW COLUMNS FROM `ht_banner` [ RunTime:0.0007s ]
SQL: SELECT * FROM `ht_banner`  [ RunTime:0.0003s ]
SQL: SELECT * FROM `ht_category` WHERE `id` IN ('1','3','4')  [ RunTime:0.0003s ]
SQL: SHOW COLUMNS FROM `ht_article` [ RunTime:0.0005s ]
SQL: SELECT * FROM `ht_article` WHERE ( cat_id=1 ) LIMIT 1   [ RunTime:0.0004s ]
SQL: SELECT * FROM `ht_category` WHERE ( pid=1 )  [ RunTime:0.0003s ]
SQL: SELECT * FROM `ht_article` WHERE ( cat_id IN (17) ) ORDER BY list_order ASC,public_date DESC LIMIT 4   [ RunTime:0.0004s ]
SQL: SELECT * FROM `ht_article` WHERE ( cat_id=3 ) LIMIT 1   [ RunTime:0.0004s ]
SQL: SELECT * FROM `ht_category` WHERE ( pid=3 )  [ RunTime:0.0003s ]
SQL: SELECT * FROM `ht_article` WHERE ( cat_id IN (9,10,11,12) ) ORDER BY list_order ASC,public_date DESC LIMIT 4   [ RunTime:0.0004s ]
SQL: SELECT * FROM `ht_article` WHERE ( cat_id=4 ) LIMIT 1   [ RunTime:0.0003s ]
SQL: SELECT * FROM `ht_category` WHERE ( pid=4 )  [ RunTime:0.0002s ]
SQL: SELECT * FROM `ht_article` WHERE ( cat_id IN (13,14,16) ) ORDER BY list_order ASC,public_date DESC LIMIT 4   [ RunTime:0.0008s ]
INFO: [ view_parse ] --START--
INFO: [ template_filter ] --START--
INFO: Run Behavior\ContentReplaceBehavior [ RunTime:0.000095s ]
INFO: [ template_filter ] --END-- [ RunTime:0.000121s ]
INFO: Run Behavior\ParseTemplateBehavior [ RunTime:0.010735s ]
INFO: [ view_parse ] --END-- [ RunTime:0.010760s ]
INFO: [ view_filter ] --START--
INFO: Run Behavior\WriteHtmlCacheBehavior [ RunTime:0.000239s ]
INFO: [ view_filter ] --END-- [ RunTime:0.000258s ]
INFO: [ app_end ] --START--
INFO: Run Behavior\ShowPageTraceBehavior [ RunTime:0.000502s ]
INFO: [ app_end ] --END-- [ RunTime:0.000530s ]

[ 2018-01-25T08:53:00+08:00 ] ::1 /hanteng/index.php
INFO: [ app_init ] --START--
INFO: Run Behavior\BuildLiteBehavior [ RunTime:0.000007s ]
INFO: [ app_init ] --END-- [ RunTime:0.000269s ]
INFO: [ app_begin ] --START--
INFO: Run Behavior\ReadHtmlCacheBehavior [ RunTime:0.000422s ]
INFO: [ app_begin ] --END-- [ RunTime:0.000444s ]
SQL: SHOW COLUMNS FROM `ht_contact` [ RunTime:0.0012s ]
SQL: SHOW COLUMNS FROM `ht_contact` [ RunTime:0.0007s ]
SQL: SELECT * FROM `ht_contact` LIMIT 1   [ RunTime:0.0003s ]
SQL: SHOW COLUMNS FROM `ht_category` [ RunTime:0.0007s ]
SQL: SELECT * FROM `ht_category` WHERE ( pid=0 )  [ RunTime:0.0003s ]
SQL: SELECT * FROM `ht_category` WHERE `pid` = 1 ORDER BY list_order ASC  [ RunTime:0.0003s ]
SQL: SELECT * FROM `ht_category` WHERE `pid` = 2 ORDER BY list_order ASC  [ RunTime:0.0003s ]
SQL: SELECT * FROM `ht_category` WHERE `pid` = 3 ORDER BY list_order ASC  [ RunTime:0.0003s ]
SQL: SELECT * FROM `ht_category` WHERE `pid` = 4 ORDER BY list_order ASC  [ RunTime:0.0003s ]
SQL: SHOW COLUMNS FROM `ht_contact` [ RunTime:0.0006s ]
SQL: SHOW COLUMNS FROM `ht_banner` [ RunTime:0.0006s ]
SQL: SELECT * FROM `ht_banner`  [ RunTime:0.0003s ]
SQL: SELECT * FROM `ht_category` WHERE `id` IN ('1','3','4')  [ RunTime:0.0003s ]
SQL: SHOW COLUMNS FROM `ht_article` [ RunTime:0.0006s ]
SQL: SELECT * FROM `ht_article` WHERE ( cat_id=1 ) LIMIT 1   [ RunTime:0.0003s ]
SQL: SELECT * FROM `ht_category` WHERE ( pid=1 )  [ RunTime:0.0002s ]
SQL: SELECT * FROM `ht_article` WHERE ( cat_id IN (17) ) ORDER BY list_order ASC,public_date DESC LIMIT 4   [ RunTime:0.0004s ]
SQL: SELECT * FROM `ht_article` WHERE ( cat_id=3 ) LIMIT 1   [ RunTime:0.0004s ]
SQL: SELECT * FROM `ht_category` WHERE ( pid=3 )  [ RunTime:0.0003s ]
SQL: SELECT * FROM `ht_article` WHERE ( cat_id IN (9,10,11,12) ) ORDER BY list_order ASC,public_date DESC LIMIT 4   [ RunTime:0.0004s ]
SQL: SELECT * FROM `ht_article` WHERE ( cat_id=4 ) LIMIT 1   [ RunTime:0.0003s ]
SQL: SELECT * FROM `ht_category` WHERE ( pid=4 )  [ RunTime:0.0003s ]
SQL: SELECT * FROM `ht_article` WHERE ( cat_id IN (13,14,16) ) ORDER BY list_order ASC,public_date DESC LIMIT 4   [ RunTime:0.0009s ]
INFO: [ view_parse ] --START--
INFO: [ template_filter ] --START--
INFO: Run Behavior\ContentReplaceBehavior [ RunTime:0.000113s ]
INFO: [ template_filter ] --END-- [ RunTime:0.000143s ]
INFO: Run Behavior\ParseTemplateBehavior [ RunTime:0.011964s ]
INFO: [ view_parse ] --END-- [ RunTime:0.011995s ]
INFO: [ view_filter ] --START--
INFO: Run Behavior\WriteHtmlCacheBehavior [ RunTime:0.000238s ]
INFO: [ view_filter ] --END-- [ RunTime:0.000273s ]
INFO: [ app_end ] --START--
INFO: Run Behavior\ShowPageTraceBehavior [ RunTime:0.000473s ]
INFO: [ app_end ] --END-- [ RunTime:0.000530s ]

[ 2018-01-25T08:53:42+08:00 ] ::1 /hanteng/index.php
INFO: [ app_init ] --START--
INFO: Run Behavior\BuildLiteBehavior [ RunTime:0.000008s ]
INFO: [ app_init ] --END-- [ RunTime:0.000290s ]
INFO: [ app_begin ] --START--
INFO: Run Behavior\ReadHtmlCacheBehavior [ RunTime:0.000745s ]
INFO: [ app_begin ] --END-- [ RunTime:0.000770s ]
SQL: SHOW COLUMNS FROM `ht_contact` [ RunTime:0.0010s ]
SQL: SHOW COLUMNS FROM `ht_contact` [ RunTime:0.0007s ]
SQL: SELECT * FROM `ht_contact` LIMIT 1   [ RunTime:0.0003s ]
SQL: SHOW COLUMNS FROM `ht_category` [ RunTime:0.0009s ]
SQL: SELECT * FROM `ht_category` WHERE ( pid=0 )  [ RunTime:0.0003s ]
SQL: SELECT * FROM `ht_category` WHERE `pid` = 1 ORDER BY list_order ASC  [ RunTime:0.0003s ]
SQL: SELECT * FROM `ht_category` WHERE `pid` = 2 ORDER BY list_order ASC  [ RunTime:0.0003s ]
SQL: SELECT * FROM `ht_category` WHERE `pid` = 3 ORDER BY list_order ASC  [ RunTime:0.0003s ]
SQL: SELECT * FROM `ht_category` WHERE `pid` = 4 ORDER BY list_order ASC  [ RunTime:0.0003s ]
SQL: SHOW COLUMNS FROM `ht_contact` [ RunTime:0.0006s ]
SQL: SHOW COLUMNS FROM `ht_banner` [ RunTime:0.0007s ]
SQL: SELECT * FROM `ht_banner`  [ RunTime:0.0003s ]
SQL: SELECT * FROM `ht_category` WHERE `id` IN ('1','3','4')  [ RunTime:0.0003s ]
SQL: SHOW COLUMNS FROM `ht_article` [ RunTime:0.0005s ]
SQL: SELECT * FROM `ht_article` WHERE ( cat_id=1 ) LIMIT 1   [ RunTime:0.0004s ]
SQL: SELECT * FROM `ht_category` WHERE ( pid=1 )  [ RunTime:0.0003s ]
SQL: SELECT * FROM `ht_article` WHERE ( cat_id IN (17) ) ORDER BY list_order ASC,public_date DESC LIMIT 4   [ RunTime:0.0004s ]
SQL: SELECT * FROM `ht_article` WHERE ( cat_id=3 ) LIMIT 1   [ RunTime:0.0003s ]
SQL: SELECT * FROM `ht_category` WHERE ( pid=3 )  [ RunTime:0.0003s ]
SQL: SELECT * FROM `ht_article` WHERE ( cat_id IN (9,10,11,12) ) ORDER BY list_order ASC,public_date DESC LIMIT 4   [ RunTime:0.0004s ]
SQL: SELECT * FROM `ht_article` WHERE ( cat_id=4 ) LIMIT 1   [ RunTime:0.0004s ]
SQL: SELECT * FROM `ht_category` WHERE ( pid=4 )  [ RunTime:0.0003s ]
SQL: SELECT * FROM `ht_article` WHERE ( cat_id IN (13,14,16) ) ORDER BY list_order ASC,public_date DESC LIMIT 4   [ RunTime:0.0009s ]
INFO: [ view_parse ] --START--
INFO: [ template_filter ] --START--
INFO: Run Behavior\ContentReplaceBehavior [ RunTime:0.000099s ]
INFO: [ template_filter ] --END-- [ RunTime:0.000123s ]
INFO: Run Behavior\ParseTemplateBehavior [ RunTime:0.013170s ]
INFO: [ view_parse ] --END-- [ RunTime:0.013201s ]
INFO: [ view_filter ] --START--
INFO: Run Behavior\WriteHtmlCacheBehavior [ RunTime:0.000331s ]
INFO: [ view_filter ] --END-- [ RunTime:0.000351s ]
INFO: [ app_end ] --START--
INFO: Run Behavior\ShowPageTraceBehavior [ RunTime:0.000873s ]
INFO: [ app_end ] --END-- [ RunTime:0.000918s ]

[ 2018-01-25T08:55:42+08:00 ] ::1 /hanteng/index.php
INFO: [ app_init ] --START--
INFO: Run Behavior\BuildLiteBehavior [ RunTime:0.000009s ]
INFO: [ app_init ] --END-- [ RunTime:0.000352s ]
INFO: [ app_begin ] --START--
INFO: Run Behavior\ReadHtmlCacheBehavior [ RunTime:0.000451s ]
INFO: [ app_begin ] --END-- [ RunTime:0.000483s ]
SQL: SHOW COLUMNS FROM `ht_contact` [ RunTime:0.0006s ]
SQL: SHOW COLUMNS FROM `ht_contact` [ RunTime:0.0005s ]
SQL: SELECT * FROM `ht_contact` LIMIT 1   [ RunTime:0.0002s ]
SQL: SHOW COLUMNS FROM `ht_category` [ RunTime:0.0006s ]
SQL: SELECT * FROM `ht_category` WHERE ( pid=0 )  [ RunTime:0.0003s ]
SQL: SELECT * FROM `ht_category` WHERE `pid` = 1 ORDER BY list_order ASC  [ RunTime:0.0003s ]
SQL: SELECT * FROM `ht_category` WHERE `pid` = 2 ORDER BY list_order ASC  [ RunTime:0.0002s ]
SQL: SELECT * FROM `ht_category` WHERE `pid` = 3 ORDER BY list_order ASC  [ RunTime:0.0002s ]
SQL: SELECT * FROM `ht_category` WHERE `pid` = 4 ORDER BY list_order ASC  [ RunTime:0.0002s ]
SQL: SHOW COLUMNS FROM `ht_contact` [ RunTime:0.0006s ]
SQL: SHOW COLUMNS FROM `ht_banner` [ RunTime:0.0008s ]
SQL: SELECT * FROM `ht_banner`  [ RunTime:0.0003s ]
SQL: SELECT * FROM `ht_category` WHERE `id` IN ('1','3','4')  [ RunTime:0.0003s ]
SQL: SHOW COLUMNS FROM `ht_article` [ RunTime:0.0009s ]
SQL: SELECT * FROM `ht_article` WHERE ( cat_id=1 ) LIMIT 1   [ RunTime:0.0003s ]
SQL: SELECT * FROM `ht_category` WHERE ( pid=1 )  [ RunTime:0.0002s ]
SQL: SELECT * FROM `ht_article` WHERE ( cat_id IN (17) ) ORDER BY list_order ASC,public_date DESC LIMIT 4   [ RunTime:0.0004s ]
SQL: SELECT * FROM `ht_article` WHERE ( cat_id=3 ) LIMIT 1   [ RunTime:0.0003s ]
SQL: SELECT * FROM `ht_category` WHERE ( pid=3 )  [ RunTime:0.0002s ]
SQL: SELECT * FROM `ht_article` WHERE ( cat_id IN (9,10,11,12) ) ORDER BY list_order ASC,public_date DESC LIMIT 4   [ RunTime:0.0004s ]
SQL: SELECT * FROM `ht_article` WHERE ( cat_id=4 ) LIMIT 1   [ RunTime:0.0003s ]
SQL: SELECT * FROM `ht_category` WHERE ( pid=4 )  [ RunTime:0.0002s ]
SQL: SELECT * FROM `ht_article` WHERE ( cat_id IN (13,14,16) ) ORDER BY list_order ASC,public_date DESC LIMIT 4   [ RunTime:0.0011s ]
INFO: [ view_parse ] --START--
INFO: [ template_filter ] --START--
INFO: Run Behavior\ContentReplaceBehavior [ RunTime:0.000153s ]
INFO: [ template_filter ] --END-- [ RunTime:0.000193s ]
INFO: Run Behavior\ParseTemplateBehavior [ RunTime:0.014610s ]
INFO: [ view_parse ] --END-- [ RunTime:0.014664s ]
INFO: [ view_filter ] --START--
INFO: Run Behavior\WriteHtmlCacheBehavior [ RunTime:0.000536s ]
INFO: [ view_filter ] --END-- [ RunTime:0.000572s ]
INFO: [ app_end ] --START--
INFO: Run Behavior\ShowPageTraceBehavior [ RunTime:0.000902s ]
INFO: [ app_end ] --END-- [ RunTime:0.000954s ]

[ 2018-01-25T08:55:45+08:00 ] ::1 /hanteng/index.php
INFO: [ app_init ] --START--
INFO: Run Behavior\BuildLiteBehavior [ RunTime:0.000009s ]
INFO: [ app_init ] --END-- [ RunTime:0.000253s ]
INFO: [ app_begin ] --START--
INFO: Run Behavior\ReadHtmlCacheBehavior [ RunTime:0.000367s ]
INFO: [ app_begin ] --END-- [ RunTime:0.000393s ]
SQL: SHOW COLUMNS FROM `ht_contact` [ RunTime:0.0008s ]
SQL: SHOW COLUMNS FROM `ht_contact` [ RunTime:0.0007s ]
SQL: SELECT * FROM `ht_contact` LIMIT 1   [ RunTime:0.0004s ]
SQL: SHOW COLUMNS FROM `ht_category` [ RunTime:0.0010s ]
SQL: SELECT * FROM `ht_category` WHERE ( pid=0 )  [ RunTime:0.0005s ]
SQL: SELECT * FROM `ht_category` WHERE `pid` = 1 ORDER BY list_order ASC  [ RunTime:0.0003s ]
SQL: SELECT * FROM `ht_category` WHERE `pid` = 2 ORDER BY list_order ASC  [ RunTime:0.0003s ]
SQL: SELECT * FROM `ht_category` WHERE `pid` = 3 ORDER BY list_order ASC  [ RunTime:0.0003s ]
SQL: SELECT * FROM `ht_category` WHERE `pid` = 4 ORDER BY list_order ASC  [ RunTime:0.0003s ]
SQL: SHOW COLUMNS FROM `ht_contact` [ RunTime:0.0006s ]
SQL: SHOW COLUMNS FROM `ht_banner` [ RunTime:0.0007s ]
SQL: SELECT * FROM `ht_banner`  [ RunTime:0.0003s ]
SQL: SELECT * FROM `ht_category` WHERE `id` IN ('1','3','4')  [ RunTime:0.0003s ]
SQL: SHOW COLUMNS FROM `ht_article` [ RunTime:0.0008s ]
SQL: SELECT * FROM `ht_article` WHERE ( cat_id=1 ) LIMIT 1   [ RunTime:0.0004s ]
SQL: SELECT * FROM `ht_category` WHERE ( pid=1 )  [ RunTime:0.0003s ]
SQL: SELECT * FROM `ht_article` WHERE ( cat_id IN (17) ) ORDER BY list_order ASC,public_date DESC LIMIT 4   [ RunTime:0.0005s ]
SQL: SELECT * FROM `ht_article` WHERE ( cat_id=3 ) LIMIT 1   [ RunTime:0.0004s ]
SQL: SELECT * FROM `ht_category` WHERE ( pid=3 )  [ RunTime:0.0003s ]
SQL: SELECT * FROM `ht_article` WHERE ( cat_id IN (9,10,11,12) ) ORDER BY list_order ASC,public_date DESC LIMIT 4   [ RunTime:0.0004s ]
SQL: SELECT * FROM `ht_article` WHERE ( cat_id=4 ) LIMIT 1   [ RunTime:0.0003s ]
SQL: SELECT * FROM `ht_category` WHERE ( pid=4 )  [ RunTime:0.0003s ]
SQL: SELECT * FROM `ht_article` WHERE ( cat_id IN (13,14,16) ) ORDER BY list_order ASC,public_date DESC LIMIT 4   [ RunTime:0.0009s ]
INFO: [ view_parse ] --START--
INFO: [ template_filter ] --START--
INFO: Run Behavior\ContentReplaceBehavior [ RunTime:0.000100s ]
INFO: [ template_filter ] --END-- [ RunTime:0.000126s ]
INFO: Run Behavior\ParseTemplateBehavior [ RunTime:0.010859s ]
INFO: [ view_parse ] --END-- [ RunTime:0.010888s ]
INFO: [ view_filter ] --START--
INFO: Run Behavior\WriteHtmlCacheBehavior [ RunTime:0.000230s ]
INFO: [ view_filter ] --END-- [ RunTime:0.000265s ]
INFO: [ app_end ] --START--
INFO: Run Behavior\ShowPageTraceBehavior [ RunTime:0.000446s ]
INFO: [ app_end ] --END-- [ RunTime:0.000476s ]

[ 2018-01-25T08:56:40+08:00 ] ::1 /hanteng/index.php
INFO: [ app_init ] --START--
INFO: Run Behavior\BuildLiteBehavior [ RunTime:0.000008s ]
INFO: [ app_init ] --END-- [ RunTime:0.000262s ]
INFO: [ app_begin ] --START--
INFO: Run Behavior\ReadHtmlCacheBehavior [ RunTime:0.000335s ]
INFO: [ app_begin ] --END-- [ RunTime:0.000358s ]
SQL: SHOW COLUMNS FROM `ht_contact` [ RunTime:0.0010s ]
SQL: SHOW COLUMNS FROM `ht_contact` [ RunTime:0.0008s ]
SQL: SELECT * FROM `ht_contact` LIMIT 1   [ RunTime:0.0003s ]
SQL: SHOW COLUMNS FROM `ht_category` [ RunTime:0.0005s ]
SQL: SELECT * FROM `ht_category` WHERE ( pid=0 )  [ RunTime:0.0003s ]
SQL: SELECT * FROM `ht_category` WHERE `pid` = 1 ORDER BY list_order ASC  [ RunTime:0.0003s ]
SQL: SELECT * FROM `ht_category` WHERE `pid` = 2 ORDER BY list_order ASC  [ RunTime:0.0003s ]
SQL: SELECT * FROM `ht_category` WHERE `pid` = 3 ORDER BY list_order ASC  [ RunTime:0.0003s ]
SQL: SELECT * FROM `ht_category` WHERE `pid` = 4 ORDER BY list_order ASC  [ RunTime:0.0003s ]
SQL: SHOW COLUMNS FROM `ht_contact` [ RunTime:0.0005s ]
SQL: SHOW COLUMNS FROM `ht_banner` [ RunTime:0.0008s ]
SQL: SELECT * FROM `ht_banner`  [ RunTime:0.0004s ]
SQL: SELECT * FROM `ht_category` WHERE `id` IN ('1','3','4')  [ RunTime:0.0003s ]
SQL: SHOW COLUMNS FROM `ht_article` [ RunTime:0.0008s ]
SQL: SELECT * FROM `ht_article` WHERE ( cat_id=1 ) LIMIT 1   [ RunTime:0.0005s ]
SQL: SELECT * FROM `ht_category` WHERE ( pid=1 )  [ RunTime:0.0003s ]
SQL: SELECT * FROM `ht_article` WHERE ( cat_id IN (17) ) ORDER BY list_order ASC,public_date DESC LIMIT 4   [ RunTime:0.0005s ]
SQL: SELECT * FROM `ht_article` WHERE ( cat_id=3 ) LIMIT 1   [ RunTime:0.0003s ]
SQL: SELECT * FROM `ht_category` WHERE ( pid=3 )  [ RunTime:0.0003s ]
SQL: SELECT * FROM `ht_article` WHERE ( cat_id IN (9,10,11,12) ) ORDER BY list_order ASC,public_date DESC LIMIT 4   [ RunTime:0.0004s ]
SQL: SELECT * FROM `ht_article` WHERE ( cat_id=4 ) LIMIT 1   [ RunTime:0.0003s ]
SQL: SELECT * FROM `ht_category` WHERE ( pid=4 )  [ RunTime:0.0004s ]
SQL: SELECT * FROM `ht_article` WHERE ( cat_id IN (13,14,16) ) ORDER BY list_order ASC,public_date DESC LIMIT 4   [ RunTime:0.0011s ]
INFO: [ view_parse ] --START--
INFO: [ template_filter ] --START--
INFO: Run Behavior\ContentReplaceBehavior [ RunTime:0.000095s ]
INFO: [ template_filter ] --END-- [ RunTime:0.000121s ]
INFO: Run Behavior\ParseTemplateBehavior [ RunTime:0.011646s ]
INFO: [ view_parse ] --END-- [ RunTime:0.011676s ]
INFO: [ view_filter ] --START--
INFO: Run Behavior\WriteHtmlCacheBehavior [ RunTime:0.000227s ]
INFO: [ view_filter ] --END-- [ RunTime:0.000263s ]
INFO: [ app_end ] --START--
INFO: Run Behavior\ShowPageTraceBehavior [ RunTime:0.000549s ]
INFO: [ app_end ] --END-- [ RunTime:0.000578s ]

[ 2018-01-25T08:56:57+08:00 ] ::1 /hanteng/index.php
INFO: [ app_init ] --START--
INFO: Run Behavior\BuildLiteBehavior [ RunTime:0.000008s ]
INFO: [ app_init ] --END-- [ RunTime:0.000327s ]
INFO: [ app_begin ] --START--
INFO: Run Behavior\ReadHtmlCacheBehavior [ RunTime:0.000472s ]
INFO: [ app_begin ] --END-- [ RunTime:0.000497s ]
SQL: SHOW COLUMNS FROM `ht_contact` [ RunTime:0.0006s ]
SQL: SHOW COLUMNS FROM `ht_contact` [ RunTime:0.0008s ]
SQL: SELECT * FROM `ht_contact` LIMIT 1   [ RunTime:0.0004s ]
SQL: SHOW COLUMNS FROM `ht_category` [ RunTime:0.0006s ]
SQL: SELECT * FROM `ht_category` WHERE ( pid=0 )  [ RunTime:0.0003s ]
SQL: SELECT * FROM `ht_category` WHERE `pid` = 1 ORDER BY list_order ASC  [ RunTime:0.0003s ]
SQL: SELECT * FROM `ht_category` WHERE `pid` = 2 ORDER BY list_order ASC  [ RunTime:0.0003s ]
SQL: SELECT * FROM `ht_category` WHERE `pid` = 3 ORDER BY list_order ASC  [ RunTime:0.0003s ]
SQL: SELECT * FROM `ht_category` WHERE `pid` = 4 ORDER BY list_order ASC  [ RunTime:0.0003s ]
SQL: SHOW COLUMNS FROM `ht_contact` [ RunTime:0.0006s ]
SQL: SHOW COLUMNS FROM `ht_banner` [ RunTime:0.0007s ]
SQL: SELECT * FROM `ht_banner`  [ RunTime:0.0003s ]
SQL: SELECT * FROM `ht_category` WHERE `id` IN ('1','3','4')  [ RunTime:0.0003s ]
SQL: SHOW COLUMNS FROM `ht_article` [ RunTime:0.0006s ]
SQL: SELECT * FROM `ht_article` WHERE ( cat_id=1 ) LIMIT 1   [ RunTime:0.0004s ]
SQL: SELECT * FROM `ht_category` WHERE ( pid=1 )  [ RunTime:0.0002s ]
SQL: SELECT * FROM `ht_article` WHERE ( cat_id IN (17) ) ORDER BY list_order ASC,public_date DESC LIMIT 4   [ RunTime:0.0004s ]
SQL: SELECT * FROM `ht_article` WHERE ( cat_id=3 ) LIMIT 1   [ RunTime:0.0004s ]
SQL: SELECT * FROM `ht_category` WHERE ( pid=3 )  [ RunTime:0.0003s ]
SQL: SELECT * FROM `ht_article` WHERE ( cat_id IN (9,10,11,12) ) ORDER BY list_order ASC,public_date DESC LIMIT 4   [ RunTime:0.0004s ]
SQL: SELECT * FROM `ht_article` WHERE ( cat_id=4 ) LIMIT 1   [ RunTime:0.0003s ]
SQL: SELECT * FROM `ht_category` WHERE ( pid=4 )  [ RunTime:0.0003s ]
SQL: SELECT * FROM `ht_article` WHERE ( cat_id IN (13,14,16) ) ORDER BY list_order ASC,public_date DESC LIMIT 4   [ RunTime:0.0009s ]
INFO: [ view_parse ] --START--
INFO: [ template_filter ] --START--
INFO: Run Behavior\ContentReplaceBehavior [ RunTime:0.000114s ]
INFO: [ template_filter ] --END-- [ RunTime:0.000140s ]
INFO: Run Behavior\ParseTemplateBehavior [ RunTime:0.012700s ]
INFO: [ view_parse ] --END-- [ RunTime:0.012729s ]
INFO: [ view_filter ] --START--
INFO: Run Behavior\WriteHtmlCacheBehavior [ RunTime:0.000393s ]
INFO: [ view_filter ] --END-- [ RunTime:0.000414s ]
INFO: [ app_end ] --START--
INFO: Run Behavior\ShowPageTraceBehavior [ RunTime:0.000724s ]
INFO: [ app_end ] --END-- [ RunTime:0.000769s ]

[ 2018-01-25T08:57:17+08:00 ] ::1 /hanteng/index.php
INFO: [ app_init ] --START--
INFO: Run Behavior\BuildLiteBehavior [ RunTime:0.000009s ]
INFO: [ app_init ] --END-- [ RunTime:0.000296s ]
INFO: [ app_begin ] --START--
INFO: Run Behavior\ReadHtmlCacheBehavior [ RunTime:0.000427s ]
INFO: [ app_begin ] --END-- [ RunTime:0.000451s ]
SQL: SHOW COLUMNS FROM `ht_contact` [ RunTime:0.0006s ]
SQL: SHOW COLUMNS FROM `ht_contact` [ RunTime:0.0006s ]
SQL: SELECT * FROM `ht_contact` LIMIT 1   [ RunTime:0.0003s ]
SQL: SHOW COLUMNS FROM `ht_category` [ RunTime:0.0005s ]
SQL: SELECT * FROM `ht_category` WHERE ( pid=0 )  [ RunTime:0.0004s ]
SQL: SELECT * FROM `ht_category` WHERE `pid` = 1 ORDER BY list_order ASC  [ RunTime:0.0003s ]
SQL: SELECT * FROM `ht_category` WHERE `pid` = 2 ORDER BY list_order ASC  [ RunTime:0.0003s ]
SQL: SELECT * FROM `ht_category` WHERE `pid` = 3 ORDER BY list_order ASC  [ RunTime:0.0003s ]
SQL: SELECT * FROM `ht_category` WHERE `pid` = 4 ORDER BY list_order ASC  [ RunTime:0.0003s ]
SQL: SHOW COLUMNS FROM `ht_contact` [ RunTime:0.0006s ]
SQL: SHOW COLUMNS FROM `ht_banner` [ RunTime:0.0007s ]
SQL: SELECT * FROM `ht_banner`  [ RunTime:0.0003s ]
SQL: SELECT * FROM `ht_category` WHERE `id` IN ('1','3','4')  [ RunTime:0.0003s ]
SQL: SHOW COLUMNS FROM `ht_article` [ RunTime:0.0007s ]
SQL: SELECT * FROM `ht_article` WHERE ( cat_id=1 ) LIMIT 1   [ RunTime:0.0005s ]
SQL: SELECT * FROM `ht_category` WHERE ( pid=1 )  [ RunTime:0.0004s ]
SQL: SELECT * FROM `ht_article` WHERE ( cat_id IN (17) ) ORDER BY list_order ASC,public_date DESC LIMIT 4   [ RunTime:0.0006s ]
SQL: SELECT * FROM `ht_article` WHERE ( cat_id=3 ) LIMIT 1   [ RunTime:0.0004s ]
SQL: SELECT * FROM `ht_category` WHERE ( pid=3 )  [ RunTime:0.0003s ]
SQL: SELECT * FROM `ht_article` WHERE ( cat_id IN (9,10,11,12) ) ORDER BY list_order ASC,public_date DESC LIMIT 4   [ RunTime:0.0004s ]
SQL: SELECT * FROM `ht_article` WHERE ( cat_id=4 ) LIMIT 1   [ RunTime:0.0004s ]
SQL: SELECT * FROM `ht_category` WHERE ( pid=4 )  [ RunTime:0.0003s ]
SQL: SELECT * FROM `ht_article` WHERE ( cat_id IN (13,14,16) ) ORDER BY list_order ASC,public_date DESC LIMIT 4   [ RunTime:0.0008s ]
INFO: [ view_parse ] --START--
INFO: [ template_filter ] --START--
INFO: Run Behavior\ContentReplaceBehavior [ RunTime:0.000118s ]
INFO: [ template_filter ] --END-- [ RunTime:0.000144s ]
INFO: Run Behavior\ParseTemplateBehavior [ RunTime:0.010378s ]
INFO: [ view_parse ] --END-- [ RunTime:0.010416s ]
INFO: [ view_filter ] --START--
INFO: Run Behavior\WriteHtmlCacheBehavior [ RunTime:0.000377s ]
INFO: [ view_filter ] --END-- [ RunTime:0.000401s ]
INFO: [ app_end ] --START--
INFO: Run Behavior\ShowPageTraceBehavior [ RunTime:0.000773s ]
INFO: [ app_end ] --END-- [ RunTime:0.000823s ]

